ARM GAS  C:\Users\vladk\AppData\Local\Temp\ccITBGgi.s 			page 1


   1              		.cpu cortex-m3
   2              		.eabi_attribute 20, 1
   3              		.eabi_attribute 21, 1
   4              		.eabi_attribute 23, 3
   5              		.eabi_attribute 24, 1
   6              		.eabi_attribute 25, 1
   7              		.eabi_attribute 26, 1
   8              		.eabi_attribute 30, 1
   9              		.eabi_attribute 34, 1
  10              		.eabi_attribute 18, 4
  11              		.file	"sx126x.c"
  12              		.text
  13              	.Ltext0:
  14              		.cfi_sections	.debug_frame
  15              		.section	.text.getAnswer,"ax",%progbits
  16              		.align	1
  17              		.global	getAnswer
  18              		.arch armv7-m
  19              		.syntax unified
  20              		.thumb
  21              		.thumb_func
  22              		.fpu softvfp
  24              	getAnswer:
  25              	.LVL0:
  26              	.LFB81:
  27              		.file 1 "Core/MyLib/Src/sx126x.c"
   1:Core/MyLib/Src/sx126x.c **** #include "sx126x.h"
   2:Core/MyLib/Src/sx126x.c **** #include "main.h"
   3:Core/MyLib/Src/sx126x.c **** #include "gpio_ctrl.h"
   4:Core/MyLib/Src/sx126x.c **** 
   5:Core/MyLib/Src/sx126x.c **** // sx126x_config lora;
   6:Core/MyLib/Src/sx126x.c **** 
   7:Core/MyLib/Src/sx126x.c **** 
   8:Core/MyLib/Src/sx126x.c **** void sx126x_Init(SPI_HandleTypeDef* hspi, sx126x_cfg* modem){
   9:Core/MyLib/Src/sx126x.c ****     SetStandby(hspi, modem);
  10:Core/MyLib/Src/sx126x.c ****     SetPacketType(hspi, modem);
  11:Core/MyLib/Src/sx126x.c ****     SetRfFrequency(hspi, modem);
  12:Core/MyLib/Src/sx126x.c ****     SetTxParams(hspi, modem);
  13:Core/MyLib/Src/sx126x.c ****     SetModulationParams(hspi, modem);
  14:Core/MyLib/Src/sx126x.c ****     GetDeviceErrors(hspi);
  15:Core/MyLib/Src/sx126x.c ****     uint8_t extra_tx_params[3] = {0x08, 0x89, 0x01};
  16:Core/MyLib/Src/sx126x.c ****     SetDioIrqParams(hspi, 0x3F, 1 << 1, 0, 0);
  17:Core/MyLib/Src/sx126x.c ****     WriteReg(hspi, extra_tx_params, 3);
  18:Core/MyLib/Src/sx126x.c ****     SetSyncWord(hspi, modem);
  19:Core/MyLib/Src/sx126x.c ****     SetBufferBaseAddress(hspi, modem);
  20:Core/MyLib/Src/sx126x.c **** }
  21:Core/MyLib/Src/sx126x.c **** void sx126x_SendData(SPI_HandleTypeDef* hspi, sx126x_cfg* modem, uint8_t* data, uint16_t data_len){
  22:Core/MyLib/Src/sx126x.c ****     SetPacketParams(hspi, modem->PreambleLen, modem->HeaderType, data_len, modem->crcType, modem->I
  23:Core/MyLib/Src/sx126x.c ****     WriteBuffer(hspi, data, data_len);
  24:Core/MyLib/Src/sx126x.c ****     SetTx(hspi, 1);
  25:Core/MyLib/Src/sx126x.c ****     // while(!modem->IrqStatus){
  26:Core/MyLib/Src/sx126x.c ****     //     GetIrqStatus(hspi, modem);
  27:Core/MyLib/Src/sx126x.c ****     // }
  28:Core/MyLib/Src/sx126x.c ****     // ClearIrqStatus(hspi, 0x01);
  29:Core/MyLib/Src/sx126x.c ****     uint8_t ans[1] ={0};
  30:Core/MyLib/Src/sx126x.c ****     getAnswer(hspi, OPCODE_GET_STATUS, ans, 1);
  31:Core/MyLib/Src/sx126x.c **** }
ARM GAS  C:\Users\vladk\AppData\Local\Temp\ccITBGgi.s 			page 2


  32:Core/MyLib/Src/sx126x.c **** // –†–µ–∂–∏–º —Å–æ—Å—Ç–æ—è–Ω–∏—è –≥–æ—Ç–æ–≤–Ω–æ—Å—Ç–∏
  33:Core/MyLib/Src/sx126x.c **** void SetStandby(SPI_HandleTypeDef* hspi, sx126x_cfg* modem){
  34:Core/MyLib/Src/sx126x.c ****     sendOpcode(hspi, OPCODE_SET_STANDY, &modem->StdbyConfig, 1);
  35:Core/MyLib/Src/sx126x.c **** }
  36:Core/MyLib/Src/sx126x.c **** // –£—Å—Ç–∞–Ω–∞–≤–ª–∏–≤–∞–µv –º–æ–¥—É–ª—å –≤ —Ä–µ–∂–∏–º LoRa –∏–ª–∏ –≤ FSK
  37:Core/MyLib/Src/sx126x.c **** void SetPacketType(SPI_HandleTypeDef* hspi, sx126x_cfg* modem){
  38:Core/MyLib/Src/sx126x.c ****     sendOpcode(hspi, OPCODE_SET_PACKET_TYPE, &modem->PacketType, 1);
  39:Core/MyLib/Src/sx126x.c **** }
  40:Core/MyLib/Src/sx126x.c **** // –ß–∞—Å—Ç–æ—Ç–∞ –ø–µ—Ä–µ–¥–∞—Ç—á–∏–∫–∞
  41:Core/MyLib/Src/sx126x.c **** void SetRfFrequency(SPI_HandleTypeDef* hspi, sx126x_cfg* modem){
  42:Core/MyLib/Src/sx126x.c ****     uint32_t RF_Freq = ((uint32_t)(modem->RfFreq / 32000000.0) * (1 << 25) );  // 0x36000000, —á–∞—
  43:Core/MyLib/Src/sx126x.c ****     uint8_t data[4] = {(RF_Freq >> 24)  & 0xFF, (RF_Freq >> 16) & 0xFF, (RF_Freq >> 8) & 0xFF, RF_F
  44:Core/MyLib/Src/sx126x.c ****     sendOpcode(hspi, OPCODE_SET_RF_FREQUENCY, data, 4);
  45:Core/MyLib/Src/sx126x.c **** }
  46:Core/MyLib/Src/sx126x.c **** // –í—ã—Ö–æ–¥–Ω–∞—è –º–æ—â–Ω–æ—Å—Ç—å –∏ –≤—Ä–µ–º—è –ª–∏–Ω–µ–π–Ω–æ–≥–æ –∏–∑–º–µ–Ω–µ–Ω–∏—è
  47:Core/MyLib/Src/sx126x.c **** void SetTxParams(SPI_HandleTypeDef* hspi, sx126x_cfg* modem){
  48:Core/MyLib/Src/sx126x.c ****     uint8_t TxParams[2] = {modem->Power, modem->RampTime};
  49:Core/MyLib/Src/sx126x.c ****     sendOpcode(hspi, OPCODE_SET_TX_PARAMS, TxParams, 2);
  50:Core/MyLib/Src/sx126x.c **** }
  51:Core/MyLib/Src/sx126x.c **** // –£—Å—Ç–∞–Ω–∞–≤–ª–∏–≤–∞–µ—Ç –º–µ—Å—Ç–æ —Ö—Ä–∞–Ω–µ–Ω–∏—è –±—É—Ñ—Ñ–µ—Ä–∞
  52:Core/MyLib/Src/sx126x.c **** void SetBufferBaseAddress(SPI_HandleTypeDef* hspi, sx126x_cfg* modem){
  53:Core/MyLib/Src/sx126x.c ****     uint8_t BaseAdress[2] = {modem->TX_Base_Address, modem->RX_Base_Address};
  54:Core/MyLib/Src/sx126x.c ****     sendOpcode(hspi, OPCODE_SET_BUFFER_BASE_ADDR, BaseAdress, 2);
  55:Core/MyLib/Src/sx126x.c **** }
  56:Core/MyLib/Src/sx126x.c **** // –ü–∞—Ä–∞–º–µ—Ç—Ä—ã –º–æ–¥—É–ª—è—Ü–∏–∏
  57:Core/MyLib/Src/sx126x.c **** void SetModulationParams(SPI_HandleTypeDef* hspi, sx126x_cfg* modem){
  58:Core/MyLib/Src/sx126x.c ****     uint8_t ModulationParams[4] = {modem->spredingFactor, modem->BandWidth, modem->crcRate, modem->
  59:Core/MyLib/Src/sx126x.c ****     sendOpcode(hspi, OPCODE_SET_MODULATION_PARAMS, ModulationParams, 4);
  60:Core/MyLib/Src/sx126x.c **** }
  61:Core/MyLib/Src/sx126x.c **** // –°–ª–æ–≤–æ —Å–∏–Ω—Ö—Ä–æ–Ω–∏–∑–∞—Ü–∏–∏
  62:Core/MyLib/Src/sx126x.c **** void SetSyncWord(SPI_HandleTypeDef* hspi, sx126x_cfg* modem){
  63:Core/MyLib/Src/sx126x.c ****     uint8_t data[4] = {0x07, 0x40, modem->SyncWord >> 8, modem->SyncWord & 0xFF};
  64:Core/MyLib/Src/sx126x.c ****     WriteReg(hspi, data, 4);
  65:Core/MyLib/Src/sx126x.c **** }
  66:Core/MyLib/Src/sx126x.c **** // –ü–æ–ª—É—á–∏—Ç—å —Å—Ç–∞—Ç—É—Å –æ—Ç–ø—Ä–∞–≤–∫–∏ –¥–∞–Ω–Ω—ã—Ö
  67:Core/MyLib/Src/sx126x.c **** void GetIrqStatus(SPI_HandleTypeDef* hspi, sx126x_cfg* modem){
  68:Core/MyLib/Src/sx126x.c ****     uint8_t buf[3] = {0};
  69:Core/MyLib/Src/sx126x.c ****     getAnswer(hspi, OPCODE_GET_IRQ_STATUS, buf, 3);
  70:Core/MyLib/Src/sx126x.c ****     for(uint8_t i = 0; i < 8; i++)
  71:Core/MyLib/Src/sx126x.c ****         *((uint8_t *)(&(modem->IrqStatus)) + i) = (buf[2] >> i) & 0x01;
  72:Core/MyLib/Src/sx126x.c ****     *((uint8_t *)(&(modem->IrqStatus)) + 8) = (buf[1] >> 0) & 0x01;
  73:Core/MyLib/Src/sx126x.c ****     *((uint8_t *)(&(modem->IrqStatus)) + 9) = (buf[1] >> 1) & 0x01;
  74:Core/MyLib/Src/sx126x.c **** }
  75:Core/MyLib/Src/sx126x.c **** // –ó–∞–ø–∏—Å—å –≤ —Ä–µ–≥–∏—Å—Ç—Ä
  76:Core/MyLib/Src/sx126x.c **** void WriteReg(SPI_HandleTypeDef* hspi, uint8_t* data, uint16_t len){
  77:Core/MyLib/Src/sx126x.c ****     sendOpcode(hspi, OPCODE_WRITE_REGISTER, data, len);
  78:Core/MyLib/Src/sx126x.c **** }
  79:Core/MyLib/Src/sx126x.c **** // –û–ø—Ä–µ–¥–µ–ª—è–µ—Ç —Ñ–æ—Ä–º–∞—Ç –∫–∞–¥—Ä–∞
  80:Core/MyLib/Src/sx126x.c **** void SetPacketParams(SPI_HandleTypeDef* hspi, uint16_t preamble_len, uint8_t header_type,
  81:Core/MyLib/Src/sx126x.c ****                             uint8_t payload_len, uint8_t crc_type, uint8_t invert_iq){
  82:Core/MyLib/Src/sx126x.c ****     uint8_t PacketParams[6] = {(uint8_t)(preamble_len >> 8), (uint8_t)(preamble_len & 0xFF), header
  83:Core/MyLib/Src/sx126x.c ****                        payload_len, crc_type, invert_iq};
  84:Core/MyLib/Src/sx126x.c ****     sendOpcode(hspi, OPCODE_SET_PACKET_PARAMS, PacketParams, 6);
  85:Core/MyLib/Src/sx126x.c **** }
  86:Core/MyLib/Src/sx126x.c **** // –ó–∞–ø–∏—Å—å –≤ –±—É—Ñ–µ—Ä
  87:Core/MyLib/Src/sx126x.c **** void WriteBuffer(SPI_HandleTypeDef* hspi, uint8_t* data,  uint16_t len){
  88:Core/MyLib/Src/sx126x.c ****     sendOpcode(hspi, OPCODE_WRITE_BUFFER, data, len);
ARM GAS  C:\Users\vladk\AppData\Local\Temp\ccITBGgi.s 			page 3


  89:Core/MyLib/Src/sx126x.c **** }
  90:Core/MyLib/Src/sx126x.c **** // –£—Å–∞–Ω–æ–≤–∫–∞ –≤ —Ä–µ–∂–∏–º –ø–µ—Ä–µ–¥–∞—Ç—á–∏–∫–∞
  91:Core/MyLib/Src/sx126x.c **** void SetTx(SPI_HandleTypeDef* hspi, uint16_t timeout_ms){
  92:Core/MyLib/Src/sx126x.c ****     uint32_t timeout = (uint32_t)(timeout_ms / 0.015625);
  93:Core/MyLib/Src/sx126x.c ****     uint8_t data[3] = {(timeout >> 16) & 0xFF, (timeout >> 8) & 0xFF, timeout & 0xFF};
  94:Core/MyLib/Src/sx126x.c ****     sendOpcode(hspi, OPCODE_SET_TX, data, 3);
  95:Core/MyLib/Src/sx126x.c **** }
  96:Core/MyLib/Src/sx126x.c **** // –°—Ç–∞–≤–∏–º –≤ 1 –±–∏—Ç –ø—Ä–µ—Ä—ã–≤–∞–Ω–∏—è
  97:Core/MyLib/Src/sx126x.c **** void ClearIrqStatus(SPI_HandleTypeDef* hspi, uint16_t param){
  98:Core/MyLib/Src/sx126x.c ****     uint8_t data[2] = {(param >> 8) & 0xFF, param & 0xFF};
  99:Core/MyLib/Src/sx126x.c ****     sendOpcode(hspi, OPCODE_CLEAR_IRQ_STATUS, data, 2);
 100:Core/MyLib/Src/sx126x.c **** }
 101:Core/MyLib/Src/sx126x.c **** // –í–µ—Ä–Ω—É—Ç—å –æ—à–∏–±–∫—É —É—Å—Ç—Ä–æ–π—Å—Ç–≤–∞
 102:Core/MyLib/Src/sx126x.c **** uint16_t GetDeviceErrors(SPI_HandleTypeDef* hspi){
 103:Core/MyLib/Src/sx126x.c ****     uint8_t buf[3] = {0};
 104:Core/MyLib/Src/sx126x.c ****     getAnswer(hspi, OPCODE_GET_DEVICE_ERRORS, buf, 3);
 105:Core/MyLib/Src/sx126x.c ****     return (uint16_t)((buf[1] << 8) | buf[2]);
 106:Core/MyLib/Src/sx126x.c **** }
 107:Core/MyLib/Src/sx126x.c **** // –ü–æ–ª—É—á–∏—Ç—å –æ—Ç–≤–µ—Ç –æ—Ç —É—Å—Ç—Ä–æ–π—Å—Ç–≤–∞
 108:Core/MyLib/Src/sx126x.c **** void getAnswer(SPI_HandleTypeDef* hspi, uint8_t opCode, uint8_t* buf, uint16_t len){
  28              		.loc 1 108 84 view -0
  29              		.cfi_startproc
  30              		@ args = 0, pretend = 0, frame = 8
  31              		@ frame_needed = 0, uses_anonymous_args = 0
  32              		.loc 1 108 84 is_stmt 0 view .LVU1
  33 0000 70B5     		push	{r4, r5, r6, lr}
  34              	.LCFI0:
  35              		.cfi_def_cfa_offset 16
  36              		.cfi_offset 4, -16
  37              		.cfi_offset 5, -12
  38              		.cfi_offset 6, -8
  39              		.cfi_offset 14, -4
  40 0002 82B0     		sub	sp, sp, #8
  41              	.LCFI1:
  42              		.cfi_def_cfa_offset 24
  43 0004 0446     		mov	r4, r0
  44 0006 1546     		mov	r5, r2
  45 0008 1E46     		mov	r6, r3
  46 000a 8DF80710 		strb	r1, [sp, #7]
 109:Core/MyLib/Src/sx126x.c ****     uint32_t Timeout = 2;
  47              		.loc 1 109 5 is_stmt 1 view .LVU2
  48              	.LVL1:
 110:Core/MyLib/Src/sx126x.c ****     HAL_SPI_Transmit(hspi, &opCode, 1, Timeout);
  49              		.loc 1 110 5 view .LVU3
  50 000e 0223     		movs	r3, #2
  51              	.LVL2:
  52              		.loc 1 110 5 is_stmt 0 view .LVU4
  53 0010 0122     		movs	r2, #1
  54              	.LVL3:
  55              		.loc 1 110 5 view .LVU5
  56 0012 0DF10701 		add	r1, sp, #7
  57              	.LVL4:
  58              		.loc 1 110 5 view .LVU6
  59 0016 FFF7FEFF 		bl	HAL_SPI_Transmit
  60              	.LVL5:
 111:Core/MyLib/Src/sx126x.c ****     HAL_SPI_Receive(hspi, buf, len, Timeout);
  61              		.loc 1 111 5 is_stmt 1 view .LVU7
ARM GAS  C:\Users\vladk\AppData\Local\Temp\ccITBGgi.s 			page 4


  62 001a 0223     		movs	r3, #2
  63 001c 3246     		mov	r2, r6
  64 001e 2946     		mov	r1, r5
  65 0020 2046     		mov	r0, r4
  66 0022 FFF7FEFF 		bl	HAL_SPI_Receive
  67              	.LVL6:
 112:Core/MyLib/Src/sx126x.c **** }
  68              		.loc 1 112 1 is_stmt 0 view .LVU8
  69 0026 02B0     		add	sp, sp, #8
  70              	.LCFI2:
  71              		.cfi_def_cfa_offset 16
  72              		@ sp needed
  73 0028 70BD     		pop	{r4, r5, r6, pc}
  74              		.loc 1 112 1 view .LVU9
  75              		.cfi_endproc
  76              	.LFE81:
  78              		.section	.text.GetIrqStatus,"ax",%progbits
  79              		.align	1
  80              		.global	GetIrqStatus
  81              		.syntax unified
  82              		.thumb
  83              		.thumb_func
  84              		.fpu softvfp
  86              	GetIrqStatus:
  87              	.LVL7:
  88              	.LFB74:
  67:Core/MyLib/Src/sx126x.c ****     uint8_t buf[3] = {0};
  89              		.loc 1 67 62 is_stmt 1 view -0
  90              		.cfi_startproc
  91              		@ args = 0, pretend = 0, frame = 8
  92              		@ frame_needed = 0, uses_anonymous_args = 0
  67:Core/MyLib/Src/sx126x.c ****     uint8_t buf[3] = {0};
  93              		.loc 1 67 62 is_stmt 0 view .LVU11
  94 0000 30B5     		push	{r4, r5, lr}
  95              	.LCFI3:
  96              		.cfi_def_cfa_offset 12
  97              		.cfi_offset 4, -12
  98              		.cfi_offset 5, -8
  99              		.cfi_offset 14, -4
 100 0002 83B0     		sub	sp, sp, #12
 101              	.LCFI4:
 102              		.cfi_def_cfa_offset 24
 103 0004 0D46     		mov	r5, r1
  68:Core/MyLib/Src/sx126x.c ****     getAnswer(hspi, OPCODE_GET_IRQ_STATUS, buf, 3);
 104              		.loc 1 68 5 is_stmt 1 view .LVU12
  68:Core/MyLib/Src/sx126x.c ****     getAnswer(hspi, OPCODE_GET_IRQ_STATUS, buf, 3);
 105              		.loc 1 68 13 is_stmt 0 view .LVU13
 106 0006 124B     		ldr	r3, .L7
 107 0008 1B88     		ldrh	r3, [r3]
 108 000a ADF80430 		strh	r3, [sp, #4]	@ movhi
 109 000e 0024     		movs	r4, #0
 110 0010 8DF80640 		strb	r4, [sp, #6]
  69:Core/MyLib/Src/sx126x.c ****     for(uint8_t i = 0; i < 8; i++)
 111              		.loc 1 69 5 is_stmt 1 view .LVU14
 112 0014 0323     		movs	r3, #3
 113 0016 01AA     		add	r2, sp, #4
 114 0018 1221     		movs	r1, #18
ARM GAS  C:\Users\vladk\AppData\Local\Temp\ccITBGgi.s 			page 5


 115              	.LVL8:
  69:Core/MyLib/Src/sx126x.c ****     for(uint8_t i = 0; i < 8; i++)
 116              		.loc 1 69 5 is_stmt 0 view .LVU15
 117 001a FFF7FEFF 		bl	getAnswer
 118              	.LVL9:
  70:Core/MyLib/Src/sx126x.c ****         *((uint8_t *)(&(modem->IrqStatus)) + i) = (buf[2] >> i) & 0x01;
 119              		.loc 1 70 5 is_stmt 1 view .LVU16
 120              	.LBB2:
  70:Core/MyLib/Src/sx126x.c ****         *((uint8_t *)(&(modem->IrqStatus)) + i) = (buf[2] >> i) & 0x01;
 121              		.loc 1 70 9 view .LVU17
  70:Core/MyLib/Src/sx126x.c ****         *((uint8_t *)(&(modem->IrqStatus)) + i) = (buf[2] >> i) & 0x01;
 122              		.loc 1 70 17 is_stmt 0 view .LVU18
 123 001e 2346     		mov	r3, r4
  70:Core/MyLib/Src/sx126x.c ****         *((uint8_t *)(&(modem->IrqStatus)) + i) = (buf[2] >> i) & 0x01;
 124              		.loc 1 70 5 view .LVU19
 125 0020 09E0     		b	.L4
 126              	.LVL10:
 127              	.L5:
  71:Core/MyLib/Src/sx126x.c ****     *((uint8_t *)(&(modem->IrqStatus)) + 8) = (buf[1] >> 0) & 0x01;
 128              		.loc 1 71 9 is_stmt 1 discriminator 3 view .LVU20
  71:Core/MyLib/Src/sx126x.c ****     *((uint8_t *)(&(modem->IrqStatus)) + 8) = (buf[1] >> 0) & 0x01;
 129              		.loc 1 71 55 is_stmt 0 discriminator 3 view .LVU21
 130 0022 9DF80620 		ldrb	r2, [sp, #6]	@ zero_extendqisi2
  71:Core/MyLib/Src/sx126x.c ****     *((uint8_t *)(&(modem->IrqStatus)) + 8) = (buf[1] >> 0) & 0x01;
 131              		.loc 1 71 59 discriminator 3 view .LVU22
 132 0026 1A41     		asrs	r2, r2, r3
  71:Core/MyLib/Src/sx126x.c ****     *((uint8_t *)(&(modem->IrqStatus)) + 8) = (buf[1] >> 0) & 0x01;
 133              		.loc 1 71 11 discriminator 3 view .LVU23
 134 0028 05F11700 		add	r0, r5, #23
  71:Core/MyLib/Src/sx126x.c ****     *((uint8_t *)(&(modem->IrqStatus)) + 8) = (buf[1] >> 0) & 0x01;
 135              		.loc 1 71 65 discriminator 3 view .LVU24
 136 002c 02F00102 		and	r2, r2, #1
  71:Core/MyLib/Src/sx126x.c ****     *((uint8_t *)(&(modem->IrqStatus)) + 8) = (buf[1] >> 0) & 0x01;
 137              		.loc 1 71 49 discriminator 3 view .LVU25
 138 0030 C254     		strb	r2, [r0, r3]
  70:Core/MyLib/Src/sx126x.c ****         *((uint8_t *)(&(modem->IrqStatus)) + i) = (buf[2] >> i) & 0x01;
 139              		.loc 1 70 31 is_stmt 1 discriminator 3 view .LVU26
  70:Core/MyLib/Src/sx126x.c ****         *((uint8_t *)(&(modem->IrqStatus)) + i) = (buf[2] >> i) & 0x01;
 140              		.loc 1 70 32 is_stmt 0 discriminator 3 view .LVU27
 141 0032 0133     		adds	r3, r3, #1
 142              	.LVL11:
  70:Core/MyLib/Src/sx126x.c ****         *((uint8_t *)(&(modem->IrqStatus)) + i) = (buf[2] >> i) & 0x01;
 143              		.loc 1 70 32 discriminator 3 view .LVU28
 144 0034 DBB2     		uxtb	r3, r3
 145              	.LVL12:
 146              	.L4:
  70:Core/MyLib/Src/sx126x.c ****         *((uint8_t *)(&(modem->IrqStatus)) + i) = (buf[2] >> i) & 0x01;
 147              		.loc 1 70 24 is_stmt 1 discriminator 1 view .LVU29
  70:Core/MyLib/Src/sx126x.c ****         *((uint8_t *)(&(modem->IrqStatus)) + i) = (buf[2] >> i) & 0x01;
 148              		.loc 1 70 5 is_stmt 0 discriminator 1 view .LVU30
 149 0036 072B     		cmp	r3, #7
 150 0038 F3D9     		bls	.L5
 151              	.LBE2:
  72:Core/MyLib/Src/sx126x.c ****     *((uint8_t *)(&(modem->IrqStatus)) + 9) = (buf[1] >> 1) & 0x01;
 152              		.loc 1 72 5 is_stmt 1 view .LVU31
  72:Core/MyLib/Src/sx126x.c ****     *((uint8_t *)(&(modem->IrqStatus)) + 9) = (buf[1] >> 1) & 0x01;
 153              		.loc 1 72 51 is_stmt 0 view .LVU32
ARM GAS  C:\Users\vladk\AppData\Local\Temp\ccITBGgi.s 			page 6


 154 003a 9DF80530 		ldrb	r3, [sp, #5]	@ zero_extendqisi2
 155              	.LVL13:
  72:Core/MyLib/Src/sx126x.c ****     *((uint8_t *)(&(modem->IrqStatus)) + 9) = (buf[1] >> 1) & 0x01;
 156              		.loc 1 72 61 view .LVU33
 157 003e 03F00102 		and	r2, r3, #1
  72:Core/MyLib/Src/sx126x.c ****     *((uint8_t *)(&(modem->IrqStatus)) + 9) = (buf[1] >> 1) & 0x01;
 158              		.loc 1 72 45 view .LVU34
 159 0042 EA77     		strb	r2, [r5, #31]
  73:Core/MyLib/Src/sx126x.c **** }
 160              		.loc 1 73 5 is_stmt 1 view .LVU35
  73:Core/MyLib/Src/sx126x.c **** }
 161              		.loc 1 73 61 is_stmt 0 view .LVU36
 162 0044 C3F34003 		ubfx	r3, r3, #1, #1
  73:Core/MyLib/Src/sx126x.c **** }
 163              		.loc 1 73 45 view .LVU37
 164 0048 85F82030 		strb	r3, [r5, #32]
  74:Core/MyLib/Src/sx126x.c **** // –ó–∞–ø–∏—Å—å –≤ —Ä–µ–≥–∏—Å—Ç—Ä
 165              		.loc 1 74 1 view .LVU38
 166 004c 03B0     		add	sp, sp, #12
 167              	.LCFI5:
 168              		.cfi_def_cfa_offset 12
 169              		@ sp needed
 170 004e 30BD     		pop	{r4, r5, pc}
 171              	.LVL14:
 172              	.L8:
  74:Core/MyLib/Src/sx126x.c **** // –ó–∞–ø–∏—Å—å –≤ —Ä–µ–≥–∏—Å—Ç—Ä
 173              		.loc 1 74 1 view .LVU39
 174              		.align	2
 175              	.L7:
 176 0050 00000000 		.word	.LANCHOR0
 177              		.cfi_endproc
 178              	.LFE74:
 180              		.section	.text.GetDeviceErrors,"ax",%progbits
 181              		.align	1
 182              		.global	GetDeviceErrors
 183              		.syntax unified
 184              		.thumb
 185              		.thumb_func
 186              		.fpu softvfp
 188              	GetDeviceErrors:
 189              	.LVL15:
 190              	.LFB80:
 102:Core/MyLib/Src/sx126x.c ****     uint8_t buf[3] = {0};
 191              		.loc 1 102 50 is_stmt 1 view -0
 192              		.cfi_startproc
 193              		@ args = 0, pretend = 0, frame = 8
 194              		@ frame_needed = 0, uses_anonymous_args = 0
 102:Core/MyLib/Src/sx126x.c ****     uint8_t buf[3] = {0};
 195              		.loc 1 102 50 is_stmt 0 view .LVU41
 196 0000 00B5     		push	{lr}
 197              	.LCFI6:
 198              		.cfi_def_cfa_offset 4
 199              		.cfi_offset 14, -4
 200 0002 83B0     		sub	sp, sp, #12
 201              	.LCFI7:
 202              		.cfi_def_cfa_offset 16
 103:Core/MyLib/Src/sx126x.c ****     getAnswer(hspi, OPCODE_GET_DEVICE_ERRORS, buf, 3);
ARM GAS  C:\Users\vladk\AppData\Local\Temp\ccITBGgi.s 			page 7


 203              		.loc 1 103 5 is_stmt 1 view .LVU42
 103:Core/MyLib/Src/sx126x.c ****     getAnswer(hspi, OPCODE_GET_DEVICE_ERRORS, buf, 3);
 204              		.loc 1 103 13 is_stmt 0 view .LVU43
 205 0004 0A4B     		ldr	r3, .L11
 206 0006 1B88     		ldrh	r3, [r3]
 207 0008 ADF80430 		strh	r3, [sp, #4]	@ movhi
 208 000c 0023     		movs	r3, #0
 209 000e 8DF80630 		strb	r3, [sp, #6]
 104:Core/MyLib/Src/sx126x.c ****     return (uint16_t)((buf[1] << 8) | buf[2]);
 210              		.loc 1 104 5 is_stmt 1 view .LVU44
 211 0012 0323     		movs	r3, #3
 212 0014 01AA     		add	r2, sp, #4
 213 0016 1721     		movs	r1, #23
 214 0018 FFF7FEFF 		bl	getAnswer
 215              	.LVL16:
 105:Core/MyLib/Src/sx126x.c **** }
 216              		.loc 1 105 5 view .LVU45
 105:Core/MyLib/Src/sx126x.c **** }
 217              		.loc 1 105 27 is_stmt 0 view .LVU46
 218 001c 9DF80500 		ldrb	r0, [sp, #5]	@ zero_extendqisi2
 105:Core/MyLib/Src/sx126x.c **** }
 219              		.loc 1 105 42 view .LVU47
 220 0020 9DF80630 		ldrb	r3, [sp, #6]	@ zero_extendqisi2
 106:Core/MyLib/Src/sx126x.c **** // –ü–æ–ª—É—á–∏—Ç—å –æ—Ç–≤–µ—Ç –æ—Ç —É—Å—Ç—Ä–æ–π—Å—Ç–≤–∞
 221              		.loc 1 106 1 view .LVU48
 222 0024 43EA0020 		orr	r0, r3, r0, lsl #8
 223 0028 03B0     		add	sp, sp, #12
 224              	.LCFI8:
 225              		.cfi_def_cfa_offset 4
 226              		@ sp needed
 227 002a 5DF804FB 		ldr	pc, [sp], #4
 228              	.L12:
 229 002e 00BF     		.align	2
 230              	.L11:
 231 0030 00000000 		.word	.LANCHOR0
 232              		.cfi_endproc
 233              	.LFE80:
 235              		.section	.text.sendOpcode,"ax",%progbits
 236              		.align	1
 237              		.global	sendOpcode
 238              		.syntax unified
 239              		.thumb
 240              		.thumb_func
 241              		.fpu softvfp
 243              	sendOpcode:
 244              	.LVL17:
 245              	.LFB83:
 113:Core/MyLib/Src/sx126x.c **** 
 114:Core/MyLib/Src/sx126x.c **** void SetDioIrqParams(SPI_HandleTypeDef* hspi, uint16_t irq_mask, uint16_t dio1_mask, uint16_t dio2_
 115:Core/MyLib/Src/sx126x.c ****     uint8_t data[8] = {irq_mask >> 8, irq_mask & 0xFF, dio1_mask >> 8, dio1_mask & 0xFF, dio2_mask 
 116:Core/MyLib/Src/sx126x.c ****     sendOpcode(hspi, OPCODE_SET_DIO_IRQ_PARAMS, data, 8);
 117:Core/MyLib/Src/sx126x.c **** }
 118:Core/MyLib/Src/sx126x.c **** // –ü–µ—Ä–µ–¥–∞—á–∞ –æ–ø–∫–æ–¥–∞ –∏ –¥–∞–Ω–Ω—ã—Ö
 119:Core/MyLib/Src/sx126x.c **** void sendOpcode(SPI_HandleTypeDef* hspi, uint8_t opCode, uint8_t* pData, uint16_t param_len){
 246              		.loc 1 119 93 is_stmt 1 view -0
 247              		.cfi_startproc
 248              		@ args = 0, pretend = 0, frame = 8
ARM GAS  C:\Users\vladk\AppData\Local\Temp\ccITBGgi.s 			page 8


 249              		@ frame_needed = 0, uses_anonymous_args = 0
 250              		.loc 1 119 93 is_stmt 0 view .LVU50
 251 0000 70B5     		push	{r4, r5, r6, lr}
 252              	.LCFI9:
 253              		.cfi_def_cfa_offset 16
 254              		.cfi_offset 4, -16
 255              		.cfi_offset 5, -12
 256              		.cfi_offset 6, -8
 257              		.cfi_offset 14, -4
 258 0002 82B0     		sub	sp, sp, #8
 259              	.LCFI10:
 260              		.cfi_def_cfa_offset 24
 261 0004 0446     		mov	r4, r0
 262 0006 1546     		mov	r5, r2
 263 0008 1E46     		mov	r6, r3
 264 000a 8DF80710 		strb	r1, [sp, #7]
 120:Core/MyLib/Src/sx126x.c ****     uint32_t Timeout = 2;
 265              		.loc 1 120 5 is_stmt 1 view .LVU51
 266              	.LVL18:
 121:Core/MyLib/Src/sx126x.c ****     HAL_SPI_Transmit(hspi, &opCode, 1, Timeout);
 267              		.loc 1 121 5 view .LVU52
 268 000e 0223     		movs	r3, #2
 269              	.LVL19:
 270              		.loc 1 121 5 is_stmt 0 view .LVU53
 271 0010 0122     		movs	r2, #1
 272              	.LVL20:
 273              		.loc 1 121 5 view .LVU54
 274 0012 0DF10701 		add	r1, sp, #7
 275              	.LVL21:
 276              		.loc 1 121 5 view .LVU55
 277 0016 FFF7FEFF 		bl	HAL_SPI_Transmit
 278              	.LVL22:
 122:Core/MyLib/Src/sx126x.c ****     HAL_SPI_Transmit(hspi, pData, param_len, Timeout);
 279              		.loc 1 122 5 is_stmt 1 view .LVU56
 280 001a 0223     		movs	r3, #2
 281 001c 3246     		mov	r2, r6
 282 001e 2946     		mov	r1, r5
 283 0020 2046     		mov	r0, r4
 284 0022 FFF7FEFF 		bl	HAL_SPI_Transmit
 285              	.LVL23:
 123:Core/MyLib/Src/sx126x.c **** }
 286              		.loc 1 123 1 is_stmt 0 view .LVU57
 287 0026 02B0     		add	sp, sp, #8
 288              	.LCFI11:
 289              		.cfi_def_cfa_offset 16
 290              		@ sp needed
 291 0028 70BD     		pop	{r4, r5, r6, pc}
 292              		.loc 1 123 1 view .LVU58
 293              		.cfi_endproc
 294              	.LFE83:
 296              		.section	.text.SetStandby,"ax",%progbits
 297              		.align	1
 298              		.global	SetStandby
 299              		.syntax unified
 300              		.thumb
 301              		.thumb_func
 302              		.fpu softvfp
ARM GAS  C:\Users\vladk\AppData\Local\Temp\ccITBGgi.s 			page 9


 304              	SetStandby:
 305              	.LVL24:
 306              	.LFB67:
  33:Core/MyLib/Src/sx126x.c ****     sendOpcode(hspi, OPCODE_SET_STANDY, &modem->StdbyConfig, 1);
 307              		.loc 1 33 60 is_stmt 1 view -0
 308              		.cfi_startproc
 309              		@ args = 0, pretend = 0, frame = 0
 310              		@ frame_needed = 0, uses_anonymous_args = 0
  33:Core/MyLib/Src/sx126x.c ****     sendOpcode(hspi, OPCODE_SET_STANDY, &modem->StdbyConfig, 1);
 311              		.loc 1 33 60 is_stmt 0 view .LVU60
 312 0000 08B5     		push	{r3, lr}
 313              	.LCFI12:
 314              		.cfi_def_cfa_offset 8
 315              		.cfi_offset 3, -8
 316              		.cfi_offset 14, -4
 317 0002 0A46     		mov	r2, r1
  34:Core/MyLib/Src/sx126x.c **** }
 318              		.loc 1 34 5 is_stmt 1 view .LVU61
 319 0004 0123     		movs	r3, #1
 320 0006 8021     		movs	r1, #128
 321              	.LVL25:
  34:Core/MyLib/Src/sx126x.c **** }
 322              		.loc 1 34 5 is_stmt 0 view .LVU62
 323 0008 FFF7FEFF 		bl	sendOpcode
 324              	.LVL26:
  35:Core/MyLib/Src/sx126x.c **** // –£—Å—Ç–∞–Ω–∞–≤–ª–∏–≤–∞–µv –º–æ–¥—É–ª—å –≤ —Ä–µ–∂–∏–º LoRa –∏–ª–∏ –≤ FSK
 325              		.loc 1 35 1 view .LVU63
 326 000c 08BD     		pop	{r3, pc}
 327              		.cfi_endproc
 328              	.LFE67:
 330              		.section	.text.SetPacketType,"ax",%progbits
 331              		.align	1
 332              		.global	SetPacketType
 333              		.syntax unified
 334              		.thumb
 335              		.thumb_func
 336              		.fpu softvfp
 338              	SetPacketType:
 339              	.LVL27:
 340              	.LFB68:
  37:Core/MyLib/Src/sx126x.c ****     sendOpcode(hspi, OPCODE_SET_PACKET_TYPE, &modem->PacketType, 1);
 341              		.loc 1 37 63 is_stmt 1 view -0
 342              		.cfi_startproc
 343              		@ args = 0, pretend = 0, frame = 0
 344              		@ frame_needed = 0, uses_anonymous_args = 0
  37:Core/MyLib/Src/sx126x.c ****     sendOpcode(hspi, OPCODE_SET_PACKET_TYPE, &modem->PacketType, 1);
 345              		.loc 1 37 63 is_stmt 0 view .LVU65
 346 0000 08B5     		push	{r3, lr}
 347              	.LCFI13:
 348              		.cfi_def_cfa_offset 8
 349              		.cfi_offset 3, -8
 350              		.cfi_offset 14, -4
  38:Core/MyLib/Src/sx126x.c **** }
 351              		.loc 1 38 5 is_stmt 1 view .LVU66
 352 0002 0123     		movs	r3, #1
 353 0004 CA18     		adds	r2, r1, r3
 354 0006 8A21     		movs	r1, #138
ARM GAS  C:\Users\vladk\AppData\Local\Temp\ccITBGgi.s 			page 10


 355              	.LVL28:
  38:Core/MyLib/Src/sx126x.c **** }
 356              		.loc 1 38 5 is_stmt 0 view .LVU67
 357 0008 FFF7FEFF 		bl	sendOpcode
 358              	.LVL29:
  39:Core/MyLib/Src/sx126x.c **** // –ß–∞—Å—Ç–æ—Ç–∞ –ø–µ—Ä–µ–¥–∞—Ç—á–∏–∫–∞
 359              		.loc 1 39 1 view .LVU68
 360 000c 08BD     		pop	{r3, pc}
 361              		.cfi_endproc
 362              	.LFE68:
 364              		.global	__aeabi_ui2d
 365              		.global	__aeabi_ddiv
 366              		.global	__aeabi_d2uiz
 367              		.section	.text.SetRfFrequency,"ax",%progbits
 368              		.align	1
 369              		.global	SetRfFrequency
 370              		.syntax unified
 371              		.thumb
 372              		.thumb_func
 373              		.fpu softvfp
 375              	SetRfFrequency:
 376              	.LVL30:
 377              	.LFB69:
  41:Core/MyLib/Src/sx126x.c ****     uint32_t RF_Freq = ((uint32_t)(modem->RfFreq / 32000000.0) * (1 << 25) );  // 0x36000000, —á–∞—
 378              		.loc 1 41 64 is_stmt 1 view -0
 379              		.cfi_startproc
 380              		@ args = 0, pretend = 0, frame = 8
 381              		@ frame_needed = 0, uses_anonymous_args = 0
  41:Core/MyLib/Src/sx126x.c ****     uint32_t RF_Freq = ((uint32_t)(modem->RfFreq / 32000000.0) * (1 << 25) );  // 0x36000000, —á–∞—
 382              		.loc 1 41 64 is_stmt 0 view .LVU70
 383 0000 10B5     		push	{r4, lr}
 384              	.LCFI14:
 385              		.cfi_def_cfa_offset 8
 386              		.cfi_offset 4, -8
 387              		.cfi_offset 14, -4
 388 0002 82B0     		sub	sp, sp, #8
 389              	.LCFI15:
 390              		.cfi_def_cfa_offset 16
 391 0004 0446     		mov	r4, r0
  42:Core/MyLib/Src/sx126x.c ****     uint8_t data[4] = {(RF_Freq >> 24)  & 0xFF, (RF_Freq >> 16) & 0xFF, (RF_Freq >> 8) & 0xFF, RF_F
 392              		.loc 1 42 5 is_stmt 1 view .LVU71
  42:Core/MyLib/Src/sx126x.c ****     uint8_t data[4] = {(RF_Freq >> 24)  & 0xFF, (RF_Freq >> 16) & 0xFF, (RF_Freq >> 8) & 0xFF, RF_F
 393              		.loc 1 42 50 is_stmt 0 view .LVU72
 394 0006 4868     		ldr	r0, [r1, #4]
 395              	.LVL31:
  42:Core/MyLib/Src/sx126x.c ****     uint8_t data[4] = {(RF_Freq >> 24)  & 0xFF, (RF_Freq >> 16) & 0xFF, (RF_Freq >> 8) & 0xFF, RF_F
 396              		.loc 1 42 50 view .LVU73
 397 0008 FFF7FEFF 		bl	__aeabi_ui2d
 398              	.LVL32:
  42:Core/MyLib/Src/sx126x.c ****     uint8_t data[4] = {(RF_Freq >> 24)  & 0xFF, (RF_Freq >> 16) & 0xFF, (RF_Freq >> 8) & 0xFF, RF_F
 399              		.loc 1 42 50 view .LVU74
 400 000c 0EA3     		adr	r3, .L21
 401 000e D3E90023 		ldrd	r2, [r3]
 402 0012 FFF7FEFF 		bl	__aeabi_ddiv
 403              	.LVL33:
  42:Core/MyLib/Src/sx126x.c ****     uint8_t data[4] = {(RF_Freq >> 24)  & 0xFF, (RF_Freq >> 16) & 0xFF, (RF_Freq >> 8) & 0xFF, RF_F
 404              		.loc 1 42 25 view .LVU75
ARM GAS  C:\Users\vladk\AppData\Local\Temp\ccITBGgi.s 			page 11


 405 0016 FFF7FEFF 		bl	__aeabi_d2uiz
 406              	.LVL34:
  42:Core/MyLib/Src/sx126x.c ****     uint8_t data[4] = {(RF_Freq >> 24)  & 0xFF, (RF_Freq >> 16) & 0xFF, (RF_Freq >> 8) & 0xFF, RF_F
 407              		.loc 1 42 14 view .LVU76
 408 001a 4306     		lsls	r3, r0, #25
 409              	.LVL35:
  43:Core/MyLib/Src/sx126x.c ****     sendOpcode(hspi, OPCODE_SET_RF_FREQUENCY, data, 4);
 410              		.loc 1 43 5 is_stmt 1 view .LVU77
  43:Core/MyLib/Src/sx126x.c ****     sendOpcode(hspi, OPCODE_SET_RF_FREQUENCY, data, 4);
 411              		.loc 1 43 33 is_stmt 0 view .LVU78
 412 001c 1A0E     		lsrs	r2, r3, #24
  43:Core/MyLib/Src/sx126x.c ****     sendOpcode(hspi, OPCODE_SET_RF_FREQUENCY, data, 4);
 413              		.loc 1 43 13 view .LVU79
 414 001e 8DF80420 		strb	r2, [sp, #4]
  43:Core/MyLib/Src/sx126x.c ****     sendOpcode(hspi, OPCODE_SET_RF_FREQUENCY, data, 4);
 415              		.loc 1 43 58 view .LVU80
 416 0022 1A0C     		lsrs	r2, r3, #16
  43:Core/MyLib/Src/sx126x.c ****     sendOpcode(hspi, OPCODE_SET_RF_FREQUENCY, data, 4);
 417              		.loc 1 43 13 view .LVU81
 418 0024 8DF80520 		strb	r2, [sp, #5]
  43:Core/MyLib/Src/sx126x.c ****     sendOpcode(hspi, OPCODE_SET_RF_FREQUENCY, data, 4);
 419              		.loc 1 43 82 view .LVU82
 420 0028 1A0A     		lsrs	r2, r3, #8
  43:Core/MyLib/Src/sx126x.c ****     sendOpcode(hspi, OPCODE_SET_RF_FREQUENCY, data, 4);
 421              		.loc 1 43 13 view .LVU83
 422 002a 8DF80620 		strb	r2, [sp, #6]
 423 002e 8DF80730 		strb	r3, [sp, #7]
  44:Core/MyLib/Src/sx126x.c **** }
 424              		.loc 1 44 5 is_stmt 1 view .LVU84
 425 0032 0423     		movs	r3, #4
 426              	.LVL36:
  44:Core/MyLib/Src/sx126x.c **** }
 427              		.loc 1 44 5 is_stmt 0 view .LVU85
 428 0034 0DEB0302 		add	r2, sp, r3
 429 0038 8621     		movs	r1, #134
 430 003a 2046     		mov	r0, r4
 431              	.LVL37:
  44:Core/MyLib/Src/sx126x.c **** }
 432              		.loc 1 44 5 view .LVU86
 433 003c FFF7FEFF 		bl	sendOpcode
 434              	.LVL38:
  45:Core/MyLib/Src/sx126x.c **** // –í—ã—Ö–æ–¥–Ω–∞—è –º–æ—â–Ω–æ—Å—Ç—å –∏ –≤—Ä–µ–º—è –ª–∏–Ω–µ–π–Ω–æ–≥–æ –∏–∑–º–µ–Ω–µ–Ω–∏—è
 435              		.loc 1 45 1 view .LVU87
 436 0040 02B0     		add	sp, sp, #8
 437              	.LCFI16:
 438              		.cfi_def_cfa_offset 8
 439              		@ sp needed
 440 0042 10BD     		pop	{r4, pc}
 441              	.LVL39:
 442              	.L22:
  45:Core/MyLib/Src/sx126x.c **** // –í—ã—Ö–æ–¥–Ω–∞—è –º–æ—â–Ω–æ—Å—Ç—å –∏ –≤—Ä–µ–º—è –ª–∏–Ω–µ–π–Ω–æ–≥–æ –∏–∑–º–µ–Ω–µ–Ω–∏—è
 443              		.loc 1 45 1 view .LVU88
 444 0044 AFF30080 		.align	3
 445              	.L21:
 446 0048 00000000 		.word	0
 447 004c 80847E41 		.word	1098810496
 448              		.cfi_endproc
ARM GAS  C:\Users\vladk\AppData\Local\Temp\ccITBGgi.s 			page 12


 449              	.LFE69:
 451              		.section	.text.SetTxParams,"ax",%progbits
 452              		.align	1
 453              		.global	SetTxParams
 454              		.syntax unified
 455              		.thumb
 456              		.thumb_func
 457              		.fpu softvfp
 459              	SetTxParams:
 460              	.LVL40:
 461              	.LFB70:
  47:Core/MyLib/Src/sx126x.c ****     uint8_t TxParams[2] = {modem->Power, modem->RampTime};
 462              		.loc 1 47 61 is_stmt 1 view -0
 463              		.cfi_startproc
 464              		@ args = 0, pretend = 0, frame = 8
 465              		@ frame_needed = 0, uses_anonymous_args = 0
  47:Core/MyLib/Src/sx126x.c ****     uint8_t TxParams[2] = {modem->Power, modem->RampTime};
 466              		.loc 1 47 61 is_stmt 0 view .LVU90
 467 0000 00B5     		push	{lr}
 468              	.LCFI17:
 469              		.cfi_def_cfa_offset 4
 470              		.cfi_offset 14, -4
 471 0002 83B0     		sub	sp, sp, #12
 472              	.LCFI18:
 473              		.cfi_def_cfa_offset 16
  48:Core/MyLib/Src/sx126x.c ****     sendOpcode(hspi, OPCODE_SET_TX_PARAMS, TxParams, 2);
 474              		.loc 1 48 5 is_stmt 1 view .LVU91
  48:Core/MyLib/Src/sx126x.c ****     sendOpcode(hspi, OPCODE_SET_TX_PARAMS, TxParams, 2);
 475              		.loc 1 48 33 is_stmt 0 view .LVU92
 476 0004 0B7A     		ldrb	r3, [r1, #8]	@ zero_extendqisi2
  48:Core/MyLib/Src/sx126x.c ****     sendOpcode(hspi, OPCODE_SET_TX_PARAMS, TxParams, 2);
 477              		.loc 1 48 13 view .LVU93
 478 0006 8DF80430 		strb	r3, [sp, #4]
  48:Core/MyLib/Src/sx126x.c ****     sendOpcode(hspi, OPCODE_SET_TX_PARAMS, TxParams, 2);
 479              		.loc 1 48 47 view .LVU94
 480 000a 4B7A     		ldrb	r3, [r1, #9]	@ zero_extendqisi2
  48:Core/MyLib/Src/sx126x.c ****     sendOpcode(hspi, OPCODE_SET_TX_PARAMS, TxParams, 2);
 481              		.loc 1 48 13 view .LVU95
 482 000c 8DF80530 		strb	r3, [sp, #5]
  49:Core/MyLib/Src/sx126x.c **** }
 483              		.loc 1 49 5 is_stmt 1 view .LVU96
 484 0010 0223     		movs	r3, #2
 485 0012 01AA     		add	r2, sp, #4
 486 0014 8E21     		movs	r1, #142
 487              	.LVL41:
  49:Core/MyLib/Src/sx126x.c **** }
 488              		.loc 1 49 5 is_stmt 0 view .LVU97
 489 0016 FFF7FEFF 		bl	sendOpcode
 490              	.LVL42:
  50:Core/MyLib/Src/sx126x.c **** // –£—Å—Ç–∞–Ω–∞–≤–ª–∏–≤–∞–µ—Ç –º–µ—Å—Ç–æ —Ö—Ä–∞–Ω–µ–Ω–∏—è –±—É—Ñ—Ñ–µ—Ä–∞
 491              		.loc 1 50 1 view .LVU98
 492 001a 03B0     		add	sp, sp, #12
 493              	.LCFI19:
 494              		.cfi_def_cfa_offset 4
 495              		@ sp needed
 496 001c 5DF804FB 		ldr	pc, [sp], #4
 497              		.cfi_endproc
ARM GAS  C:\Users\vladk\AppData\Local\Temp\ccITBGgi.s 			page 13


 498              	.LFE70:
 500              		.section	.text.SetBufferBaseAddress,"ax",%progbits
 501              		.align	1
 502              		.global	SetBufferBaseAddress
 503              		.syntax unified
 504              		.thumb
 505              		.thumb_func
 506              		.fpu softvfp
 508              	SetBufferBaseAddress:
 509              	.LVL43:
 510              	.LFB71:
  52:Core/MyLib/Src/sx126x.c ****     uint8_t BaseAdress[2] = {modem->TX_Base_Address, modem->RX_Base_Address};
 511              		.loc 1 52 70 is_stmt 1 view -0
 512              		.cfi_startproc
 513              		@ args = 0, pretend = 0, frame = 8
 514              		@ frame_needed = 0, uses_anonymous_args = 0
  52:Core/MyLib/Src/sx126x.c ****     uint8_t BaseAdress[2] = {modem->TX_Base_Address, modem->RX_Base_Address};
 515              		.loc 1 52 70 is_stmt 0 view .LVU100
 516 0000 00B5     		push	{lr}
 517              	.LCFI20:
 518              		.cfi_def_cfa_offset 4
 519              		.cfi_offset 14, -4
 520 0002 83B0     		sub	sp, sp, #12
 521              	.LCFI21:
 522              		.cfi_def_cfa_offset 16
  53:Core/MyLib/Src/sx126x.c ****     sendOpcode(hspi, OPCODE_SET_BUFFER_BASE_ADDR, BaseAdress, 2);
 523              		.loc 1 53 5 is_stmt 1 view .LVU101
  53:Core/MyLib/Src/sx126x.c ****     sendOpcode(hspi, OPCODE_SET_BUFFER_BASE_ADDR, BaseAdress, 2);
 524              		.loc 1 53 35 is_stmt 0 view .LVU102
 525 0004 8B7A     		ldrb	r3, [r1, #10]	@ zero_extendqisi2
  53:Core/MyLib/Src/sx126x.c ****     sendOpcode(hspi, OPCODE_SET_BUFFER_BASE_ADDR, BaseAdress, 2);
 526              		.loc 1 53 13 view .LVU103
 527 0006 8DF80430 		strb	r3, [sp, #4]
  53:Core/MyLib/Src/sx126x.c ****     sendOpcode(hspi, OPCODE_SET_BUFFER_BASE_ADDR, BaseAdress, 2);
 528              		.loc 1 53 59 view .LVU104
 529 000a CB7A     		ldrb	r3, [r1, #11]	@ zero_extendqisi2
  53:Core/MyLib/Src/sx126x.c ****     sendOpcode(hspi, OPCODE_SET_BUFFER_BASE_ADDR, BaseAdress, 2);
 530              		.loc 1 53 13 view .LVU105
 531 000c 8DF80530 		strb	r3, [sp, #5]
  54:Core/MyLib/Src/sx126x.c **** }
 532              		.loc 1 54 5 is_stmt 1 view .LVU106
 533 0010 0223     		movs	r3, #2
 534 0012 01AA     		add	r2, sp, #4
 535 0014 8F21     		movs	r1, #143
 536              	.LVL44:
  54:Core/MyLib/Src/sx126x.c **** }
 537              		.loc 1 54 5 is_stmt 0 view .LVU107
 538 0016 FFF7FEFF 		bl	sendOpcode
 539              	.LVL45:
  55:Core/MyLib/Src/sx126x.c **** // –ü–∞—Ä–∞–º–µ—Ç—Ä—ã –º–æ–¥—É–ª—è—Ü–∏–∏
 540              		.loc 1 55 1 view .LVU108
 541 001a 03B0     		add	sp, sp, #12
 542              	.LCFI22:
 543              		.cfi_def_cfa_offset 4
 544              		@ sp needed
 545 001c 5DF804FB 		ldr	pc, [sp], #4
 546              		.cfi_endproc
ARM GAS  C:\Users\vladk\AppData\Local\Temp\ccITBGgi.s 			page 14


 547              	.LFE71:
 549              		.section	.text.SetModulationParams,"ax",%progbits
 550              		.align	1
 551              		.global	SetModulationParams
 552              		.syntax unified
 553              		.thumb
 554              		.thumb_func
 555              		.fpu softvfp
 557              	SetModulationParams:
 558              	.LVL46:
 559              	.LFB72:
  57:Core/MyLib/Src/sx126x.c ****     uint8_t ModulationParams[4] = {modem->spredingFactor, modem->BandWidth, modem->crcRate, modem->
 560              		.loc 1 57 69 is_stmt 1 view -0
 561              		.cfi_startproc
 562              		@ args = 0, pretend = 0, frame = 8
 563              		@ frame_needed = 0, uses_anonymous_args = 0
  57:Core/MyLib/Src/sx126x.c ****     uint8_t ModulationParams[4] = {modem->spredingFactor, modem->BandWidth, modem->crcRate, modem->
 564              		.loc 1 57 69 is_stmt 0 view .LVU110
 565 0000 00B5     		push	{lr}
 566              	.LCFI23:
 567              		.cfi_def_cfa_offset 4
 568              		.cfi_offset 14, -4
 569 0002 83B0     		sub	sp, sp, #12
 570              	.LCFI24:
 571              		.cfi_def_cfa_offset 16
  58:Core/MyLib/Src/sx126x.c ****     sendOpcode(hspi, OPCODE_SET_MODULATION_PARAMS, ModulationParams, 4);
 572              		.loc 1 58 5 is_stmt 1 view .LVU111
  58:Core/MyLib/Src/sx126x.c ****     sendOpcode(hspi, OPCODE_SET_MODULATION_PARAMS, ModulationParams, 4);
 573              		.loc 1 58 41 is_stmt 0 view .LVU112
 574 0004 0B7B     		ldrb	r3, [r1, #12]	@ zero_extendqisi2
  58:Core/MyLib/Src/sx126x.c ****     sendOpcode(hspi, OPCODE_SET_MODULATION_PARAMS, ModulationParams, 4);
 575              		.loc 1 58 13 view .LVU113
 576 0006 8DF80430 		strb	r3, [sp, #4]
  58:Core/MyLib/Src/sx126x.c ****     sendOpcode(hspi, OPCODE_SET_MODULATION_PARAMS, ModulationParams, 4);
 577              		.loc 1 58 64 view .LVU114
 578 000a 4B7B     		ldrb	r3, [r1, #13]	@ zero_extendqisi2
  58:Core/MyLib/Src/sx126x.c ****     sendOpcode(hspi, OPCODE_SET_MODULATION_PARAMS, ModulationParams, 4);
 579              		.loc 1 58 13 view .LVU115
 580 000c 8DF80530 		strb	r3, [sp, #5]
  58:Core/MyLib/Src/sx126x.c ****     sendOpcode(hspi, OPCODE_SET_MODULATION_PARAMS, ModulationParams, 4);
 581              		.loc 1 58 82 view .LVU116
 582 0010 8B7B     		ldrb	r3, [r1, #14]	@ zero_extendqisi2
  58:Core/MyLib/Src/sx126x.c ****     sendOpcode(hspi, OPCODE_SET_MODULATION_PARAMS, ModulationParams, 4);
 583              		.loc 1 58 13 view .LVU117
 584 0012 8DF80630 		strb	r3, [sp, #6]
  58:Core/MyLib/Src/sx126x.c ****     sendOpcode(hspi, OPCODE_SET_MODULATION_PARAMS, ModulationParams, 4);
 585              		.loc 1 58 98 view .LVU118
 586 0016 CB7B     		ldrb	r3, [r1, #15]	@ zero_extendqisi2
  58:Core/MyLib/Src/sx126x.c ****     sendOpcode(hspi, OPCODE_SET_MODULATION_PARAMS, ModulationParams, 4);
 587              		.loc 1 58 13 view .LVU119
 588 0018 8DF80730 		strb	r3, [sp, #7]
  59:Core/MyLib/Src/sx126x.c **** }
 589              		.loc 1 59 5 is_stmt 1 view .LVU120
 590 001c 0423     		movs	r3, #4
 591 001e 0DEB0302 		add	r2, sp, r3
 592 0022 8B21     		movs	r1, #139
 593              	.LVL47:
ARM GAS  C:\Users\vladk\AppData\Local\Temp\ccITBGgi.s 			page 15


  59:Core/MyLib/Src/sx126x.c **** }
 594              		.loc 1 59 5 is_stmt 0 view .LVU121
 595 0024 FFF7FEFF 		bl	sendOpcode
 596              	.LVL48:
  60:Core/MyLib/Src/sx126x.c **** // –°–ª–æ–≤–æ —Å–∏–Ω—Ö—Ä–æ–Ω–∏–∑–∞—Ü–∏–∏
 597              		.loc 1 60 1 view .LVU122
 598 0028 03B0     		add	sp, sp, #12
 599              	.LCFI25:
 600              		.cfi_def_cfa_offset 4
 601              		@ sp needed
 602 002a 5DF804FB 		ldr	pc, [sp], #4
 603              		.cfi_endproc
 604              	.LFE72:
 606              		.section	.text.WriteReg,"ax",%progbits
 607              		.align	1
 608              		.global	WriteReg
 609              		.syntax unified
 610              		.thumb
 611              		.thumb_func
 612              		.fpu softvfp
 614              	WriteReg:
 615              	.LVL49:
 616              	.LFB75:
  76:Core/MyLib/Src/sx126x.c ****     sendOpcode(hspi, OPCODE_WRITE_REGISTER, data, len);
 617              		.loc 1 76 68 is_stmt 1 view -0
 618              		.cfi_startproc
 619              		@ args = 0, pretend = 0, frame = 0
 620              		@ frame_needed = 0, uses_anonymous_args = 0
  76:Core/MyLib/Src/sx126x.c ****     sendOpcode(hspi, OPCODE_WRITE_REGISTER, data, len);
 621              		.loc 1 76 68 is_stmt 0 view .LVU124
 622 0000 08B5     		push	{r3, lr}
 623              	.LCFI26:
 624              		.cfi_def_cfa_offset 8
 625              		.cfi_offset 3, -8
 626              		.cfi_offset 14, -4
 627 0002 1346     		mov	r3, r2
  77:Core/MyLib/Src/sx126x.c **** }
 628              		.loc 1 77 5 is_stmt 1 view .LVU125
 629 0004 0A46     		mov	r2, r1
 630              	.LVL50:
  77:Core/MyLib/Src/sx126x.c **** }
 631              		.loc 1 77 5 is_stmt 0 view .LVU126
 632 0006 0D21     		movs	r1, #13
 633              	.LVL51:
  77:Core/MyLib/Src/sx126x.c **** }
 634              		.loc 1 77 5 view .LVU127
 635 0008 FFF7FEFF 		bl	sendOpcode
 636              	.LVL52:
  78:Core/MyLib/Src/sx126x.c **** // –û–ø—Ä–µ–¥–µ–ª—è–µ—Ç —Ñ–æ—Ä–º–∞—Ç –∫–∞–¥—Ä–∞
 637              		.loc 1 78 1 view .LVU128
 638 000c 08BD     		pop	{r3, pc}
 639              		.cfi_endproc
 640              	.LFE75:
 642              		.section	.text.SetSyncWord,"ax",%progbits
 643              		.align	1
 644              		.global	SetSyncWord
 645              		.syntax unified
ARM GAS  C:\Users\vladk\AppData\Local\Temp\ccITBGgi.s 			page 16


 646              		.thumb
 647              		.thumb_func
 648              		.fpu softvfp
 650              	SetSyncWord:
 651              	.LVL53:
 652              	.LFB73:
  62:Core/MyLib/Src/sx126x.c ****     uint8_t data[4] = {0x07, 0x40, modem->SyncWord >> 8, modem->SyncWord & 0xFF};
 653              		.loc 1 62 61 is_stmt 1 view -0
 654              		.cfi_startproc
 655              		@ args = 0, pretend = 0, frame = 8
 656              		@ frame_needed = 0, uses_anonymous_args = 0
  62:Core/MyLib/Src/sx126x.c ****     uint8_t data[4] = {0x07, 0x40, modem->SyncWord >> 8, modem->SyncWord & 0xFF};
 657              		.loc 1 62 61 is_stmt 0 view .LVU130
 658 0000 00B5     		push	{lr}
 659              	.LCFI27:
 660              		.cfi_def_cfa_offset 4
 661              		.cfi_offset 14, -4
 662 0002 83B0     		sub	sp, sp, #12
 663              	.LCFI28:
 664              		.cfi_def_cfa_offset 16
  63:Core/MyLib/Src/sx126x.c ****     WriteReg(hspi, data, 4);
 665              		.loc 1 63 5 is_stmt 1 view .LVU131
  63:Core/MyLib/Src/sx126x.c ****     WriteReg(hspi, data, 4);
 666              		.loc 1 63 13 is_stmt 0 view .LVU132
 667 0004 0723     		movs	r3, #7
 668 0006 8DF80430 		strb	r3, [sp, #4]
 669 000a 4023     		movs	r3, #64
 670 000c 8DF80530 		strb	r3, [sp, #5]
  63:Core/MyLib/Src/sx126x.c ****     WriteReg(hspi, data, 4);
 671              		.loc 1 63 41 view .LVU133
 672 0010 0B8A     		ldrh	r3, [r1, #16]
  63:Core/MyLib/Src/sx126x.c ****     WriteReg(hspi, data, 4);
 673              		.loc 1 63 13 view .LVU134
 674 0012 1A0A     		lsrs	r2, r3, #8
 675 0014 8DF80620 		strb	r2, [sp, #6]
 676 0018 8DF80730 		strb	r3, [sp, #7]
  64:Core/MyLib/Src/sx126x.c **** }
 677              		.loc 1 64 5 is_stmt 1 view .LVU135
 678 001c 0422     		movs	r2, #4
 679 001e 0DEB0201 		add	r1, sp, r2
 680              	.LVL54:
  64:Core/MyLib/Src/sx126x.c **** }
 681              		.loc 1 64 5 is_stmt 0 view .LVU136
 682 0022 FFF7FEFF 		bl	WriteReg
 683              	.LVL55:
  65:Core/MyLib/Src/sx126x.c **** // –ü–æ–ª—É—á–∏—Ç—å —Å—Ç–∞—Ç—É—Å –æ—Ç–ø—Ä–∞–≤–∫–∏ –¥–∞–Ω–Ω—ã—Ö
 684              		.loc 1 65 1 view .LVU137
 685 0026 03B0     		add	sp, sp, #12
 686              	.LCFI29:
 687              		.cfi_def_cfa_offset 4
 688              		@ sp needed
 689 0028 5DF804FB 		ldr	pc, [sp], #4
 690              		.cfi_endproc
 691              	.LFE73:
 693              		.section	.text.SetPacketParams,"ax",%progbits
 694              		.align	1
 695              		.global	SetPacketParams
ARM GAS  C:\Users\vladk\AppData\Local\Temp\ccITBGgi.s 			page 17


 696              		.syntax unified
 697              		.thumb
 698              		.thumb_func
 699              		.fpu softvfp
 701              	SetPacketParams:
 702              	.LVL56:
 703              	.LFB76:
  81:Core/MyLib/Src/sx126x.c ****     uint8_t PacketParams[6] = {(uint8_t)(preamble_len >> 8), (uint8_t)(preamble_len & 0xFF), header
 704              		.loc 1 81 86 is_stmt 1 view -0
 705              		.cfi_startproc
 706              		@ args = 8, pretend = 0, frame = 8
 707              		@ frame_needed = 0, uses_anonymous_args = 0
  81:Core/MyLib/Src/sx126x.c ****     uint8_t PacketParams[6] = {(uint8_t)(preamble_len >> 8), (uint8_t)(preamble_len & 0xFF), header
 708              		.loc 1 81 86 is_stmt 0 view .LVU139
 709 0000 00B5     		push	{lr}
 710              	.LCFI30:
 711              		.cfi_def_cfa_offset 4
 712              		.cfi_offset 14, -4
 713 0002 83B0     		sub	sp, sp, #12
 714              	.LCFI31:
 715              		.cfi_def_cfa_offset 16
  82:Core/MyLib/Src/sx126x.c ****                        payload_len, crc_type, invert_iq};
 716              		.loc 1 82 5 is_stmt 1 view .LVU140
  82:Core/MyLib/Src/sx126x.c ****                        payload_len, crc_type, invert_iq};
 717              		.loc 1 82 32 is_stmt 0 view .LVU141
 718 0004 4FEA112C 		lsr	ip, r1, #8
  82:Core/MyLib/Src/sx126x.c ****                        payload_len, crc_type, invert_iq};
 719              		.loc 1 82 13 view .LVU142
 720 0008 8DF800C0 		strb	ip, [sp]
 721 000c 8DF80110 		strb	r1, [sp, #1]
 722 0010 8DF80220 		strb	r2, [sp, #2]
 723 0014 8DF80330 		strb	r3, [sp, #3]
 724 0018 9DF81030 		ldrb	r3, [sp, #16]	@ zero_extendqisi2
 725              	.LVL57:
  82:Core/MyLib/Src/sx126x.c ****                        payload_len, crc_type, invert_iq};
 726              		.loc 1 82 13 view .LVU143
 727 001c 8DF80430 		strb	r3, [sp, #4]
 728 0020 9DF81430 		ldrb	r3, [sp, #20]	@ zero_extendqisi2
 729 0024 8DF80530 		strb	r3, [sp, #5]
  84:Core/MyLib/Src/sx126x.c **** }
 730              		.loc 1 84 5 is_stmt 1 view .LVU144
 731 0028 0623     		movs	r3, #6
 732 002a 6A46     		mov	r2, sp
 733              	.LVL58:
  84:Core/MyLib/Src/sx126x.c **** }
 734              		.loc 1 84 5 is_stmt 0 view .LVU145
 735 002c 8C21     		movs	r1, #140
 736              	.LVL59:
  84:Core/MyLib/Src/sx126x.c **** }
 737              		.loc 1 84 5 view .LVU146
 738 002e FFF7FEFF 		bl	sendOpcode
 739              	.LVL60:
  85:Core/MyLib/Src/sx126x.c **** // –ó–∞–ø–∏—Å—å –≤ –±—É—Ñ–µ—Ä
 740              		.loc 1 85 1 view .LVU147
 741 0032 03B0     		add	sp, sp, #12
 742              	.LCFI32:
 743              		.cfi_def_cfa_offset 4
ARM GAS  C:\Users\vladk\AppData\Local\Temp\ccITBGgi.s 			page 18


 744              		@ sp needed
 745 0034 5DF804FB 		ldr	pc, [sp], #4
  85:Core/MyLib/Src/sx126x.c **** // –ó–∞–ø–∏—Å—å –≤ –±—É—Ñ–µ—Ä
 746              		.loc 1 85 1 view .LVU148
 747              		.cfi_endproc
 748              	.LFE76:
 750              		.section	.text.WriteBuffer,"ax",%progbits
 751              		.align	1
 752              		.global	WriteBuffer
 753              		.syntax unified
 754              		.thumb
 755              		.thumb_func
 756              		.fpu softvfp
 758              	WriteBuffer:
 759              	.LVL61:
 760              	.LFB77:
  87:Core/MyLib/Src/sx126x.c ****     sendOpcode(hspi, OPCODE_WRITE_BUFFER, data, len);
 761              		.loc 1 87 72 is_stmt 1 view -0
 762              		.cfi_startproc
 763              		@ args = 0, pretend = 0, frame = 0
 764              		@ frame_needed = 0, uses_anonymous_args = 0
  87:Core/MyLib/Src/sx126x.c ****     sendOpcode(hspi, OPCODE_WRITE_BUFFER, data, len);
 765              		.loc 1 87 72 is_stmt 0 view .LVU150
 766 0000 08B5     		push	{r3, lr}
 767              	.LCFI33:
 768              		.cfi_def_cfa_offset 8
 769              		.cfi_offset 3, -8
 770              		.cfi_offset 14, -4
 771 0002 1346     		mov	r3, r2
  88:Core/MyLib/Src/sx126x.c **** }
 772              		.loc 1 88 5 is_stmt 1 view .LVU151
 773 0004 0A46     		mov	r2, r1
 774              	.LVL62:
  88:Core/MyLib/Src/sx126x.c **** }
 775              		.loc 1 88 5 is_stmt 0 view .LVU152
 776 0006 0E21     		movs	r1, #14
 777              	.LVL63:
  88:Core/MyLib/Src/sx126x.c **** }
 778              		.loc 1 88 5 view .LVU153
 779 0008 FFF7FEFF 		bl	sendOpcode
 780              	.LVL64:
  89:Core/MyLib/Src/sx126x.c **** // –£—Å–∞–Ω–æ–≤–∫–∞ –≤ —Ä–µ–∂–∏–º –ø–µ—Ä–µ–¥–∞—Ç—á–∏–∫–∞
 781              		.loc 1 89 1 view .LVU154
 782 000c 08BD     		pop	{r3, pc}
 783              		.cfi_endproc
 784              	.LFE77:
 786              		.global	__aeabi_i2d
 787              		.global	__aeabi_dmul
 788              		.section	.text.SetTx,"ax",%progbits
 789              		.align	1
 790              		.global	SetTx
 791              		.syntax unified
 792              		.thumb
 793              		.thumb_func
 794              		.fpu softvfp
 796              	SetTx:
 797              	.LVL65:
ARM GAS  C:\Users\vladk\AppData\Local\Temp\ccITBGgi.s 			page 19


 798              	.LFB78:
  91:Core/MyLib/Src/sx126x.c ****     uint32_t timeout = (uint32_t)(timeout_ms / 0.015625);
 799              		.loc 1 91 57 is_stmt 1 view -0
 800              		.cfi_startproc
 801              		@ args = 0, pretend = 0, frame = 8
 802              		@ frame_needed = 0, uses_anonymous_args = 0
  91:Core/MyLib/Src/sx126x.c ****     uint32_t timeout = (uint32_t)(timeout_ms / 0.015625);
 803              		.loc 1 91 57 is_stmt 0 view .LVU156
 804 0000 10B5     		push	{r4, lr}
 805              	.LCFI34:
 806              		.cfi_def_cfa_offset 8
 807              		.cfi_offset 4, -8
 808              		.cfi_offset 14, -4
 809 0002 82B0     		sub	sp, sp, #8
 810              	.LCFI35:
 811              		.cfi_def_cfa_offset 16
 812 0004 0446     		mov	r4, r0
  92:Core/MyLib/Src/sx126x.c ****     uint8_t data[3] = {(timeout >> 16) & 0xFF, (timeout >> 8) & 0xFF, timeout & 0xFF};
 813              		.loc 1 92 5 is_stmt 1 view .LVU157
  92:Core/MyLib/Src/sx126x.c ****     uint8_t data[3] = {(timeout >> 16) & 0xFF, (timeout >> 8) & 0xFF, timeout & 0xFF};
 814              		.loc 1 92 46 is_stmt 0 view .LVU158
 815 0006 0846     		mov	r0, r1
 816              	.LVL66:
  92:Core/MyLib/Src/sx126x.c ****     uint8_t data[3] = {(timeout >> 16) & 0xFF, (timeout >> 8) & 0xFF, timeout & 0xFF};
 817              		.loc 1 92 46 view .LVU159
 818 0008 FFF7FEFF 		bl	__aeabi_i2d
 819              	.LVL67:
  92:Core/MyLib/Src/sx126x.c ****     uint8_t data[3] = {(timeout >> 16) & 0xFF, (timeout >> 8) & 0xFF, timeout & 0xFF};
 820              		.loc 1 92 46 view .LVU160
 821 000c 0022     		movs	r2, #0
 822 000e 0A4B     		ldr	r3, .L39
 823 0010 FFF7FEFF 		bl	__aeabi_dmul
 824              	.LVL68:
  92:Core/MyLib/Src/sx126x.c ****     uint8_t data[3] = {(timeout >> 16) & 0xFF, (timeout >> 8) & 0xFF, timeout & 0xFF};
 825              		.loc 1 92 14 view .LVU161
 826 0014 FFF7FEFF 		bl	__aeabi_d2uiz
 827              	.LVL69:
  93:Core/MyLib/Src/sx126x.c ****     sendOpcode(hspi, OPCODE_SET_TX, data, 3);
 828              		.loc 1 93 5 is_stmt 1 view .LVU162
  93:Core/MyLib/Src/sx126x.c ****     sendOpcode(hspi, OPCODE_SET_TX, data, 3);
 829              		.loc 1 93 33 is_stmt 0 view .LVU163
 830 0018 030C     		lsrs	r3, r0, #16
  93:Core/MyLib/Src/sx126x.c ****     sendOpcode(hspi, OPCODE_SET_TX, data, 3);
 831              		.loc 1 93 13 view .LVU164
 832 001a 8DF80430 		strb	r3, [sp, #4]
  93:Core/MyLib/Src/sx126x.c ****     sendOpcode(hspi, OPCODE_SET_TX, data, 3);
 833              		.loc 1 93 57 view .LVU165
 834 001e 030A     		lsrs	r3, r0, #8
  93:Core/MyLib/Src/sx126x.c ****     sendOpcode(hspi, OPCODE_SET_TX, data, 3);
 835              		.loc 1 93 13 view .LVU166
 836 0020 8DF80530 		strb	r3, [sp, #5]
 837 0024 8DF80600 		strb	r0, [sp, #6]
  94:Core/MyLib/Src/sx126x.c **** }
 838              		.loc 1 94 5 is_stmt 1 view .LVU167
 839 0028 0323     		movs	r3, #3
 840 002a 01AA     		add	r2, sp, #4
 841 002c 8321     		movs	r1, #131
ARM GAS  C:\Users\vladk\AppData\Local\Temp\ccITBGgi.s 			page 20


 842 002e 2046     		mov	r0, r4
 843              	.LVL70:
  94:Core/MyLib/Src/sx126x.c **** }
 844              		.loc 1 94 5 is_stmt 0 view .LVU168
 845 0030 FFF7FEFF 		bl	sendOpcode
 846              	.LVL71:
  95:Core/MyLib/Src/sx126x.c **** // –°—Ç–∞–≤–∏–º –≤ 1 –±–∏—Ç –ø—Ä–µ—Ä—ã–≤–∞–Ω–∏—è
 847              		.loc 1 95 1 view .LVU169
 848 0034 02B0     		add	sp, sp, #8
 849              	.LCFI36:
 850              		.cfi_def_cfa_offset 8
 851              		@ sp needed
 852 0036 10BD     		pop	{r4, pc}
 853              	.LVL72:
 854              	.L40:
  95:Core/MyLib/Src/sx126x.c **** // –°—Ç–∞–≤–∏–º –≤ 1 –±–∏—Ç –ø—Ä–µ—Ä—ã–≤–∞–Ω–∏—è
 855              		.loc 1 95 1 view .LVU170
 856              		.align	2
 857              	.L39:
 858 0038 00005040 		.word	1078984704
 859              		.cfi_endproc
 860              	.LFE78:
 862              		.section	.text.sx126x_SendData,"ax",%progbits
 863              		.align	1
 864              		.global	sx126x_SendData
 865              		.syntax unified
 866              		.thumb
 867              		.thumb_func
 868              		.fpu softvfp
 870              	sx126x_SendData:
 871              	.LVL73:
 872              	.LFB66:
  21:Core/MyLib/Src/sx126x.c ****     SetPacketParams(hspi, modem->PreambleLen, modem->HeaderType, data_len, modem->crcType, modem->I
 873              		.loc 1 21 99 is_stmt 1 view -0
 874              		.cfi_startproc
 875              		@ args = 0, pretend = 0, frame = 8
 876              		@ frame_needed = 0, uses_anonymous_args = 0
  21:Core/MyLib/Src/sx126x.c ****     SetPacketParams(hspi, modem->PreambleLen, modem->HeaderType, data_len, modem->crcType, modem->I
 877              		.loc 1 21 99 is_stmt 0 view .LVU172
 878 0000 70B5     		push	{r4, r5, r6, lr}
 879              	.LCFI37:
 880              		.cfi_def_cfa_offset 16
 881              		.cfi_offset 4, -16
 882              		.cfi_offset 5, -12
 883              		.cfi_offset 6, -8
 884              		.cfi_offset 14, -4
 885 0002 84B0     		sub	sp, sp, #16
 886              	.LCFI38:
 887              		.cfi_def_cfa_offset 32
 888 0004 0446     		mov	r4, r0
 889 0006 1646     		mov	r6, r2
 890 0008 1D46     		mov	r5, r3
  22:Core/MyLib/Src/sx126x.c ****     WriteBuffer(hspi, data, data_len);
 891              		.loc 1 22 5 is_stmt 1 view .LVU173
 892 000a 8B7D     		ldrb	r3, [r1, #22]	@ zero_extendqisi2
 893              	.LVL74:
  22:Core/MyLib/Src/sx126x.c ****     WriteBuffer(hspi, data, data_len);
ARM GAS  C:\Users\vladk\AppData\Local\Temp\ccITBGgi.s 			page 21


 894              		.loc 1 22 5 is_stmt 0 view .LVU174
 895 000c 0193     		str	r3, [sp, #4]
 896 000e 4B7D     		ldrb	r3, [r1, #21]	@ zero_extendqisi2
 897 0010 0093     		str	r3, [sp]
 898 0012 EBB2     		uxtb	r3, r5
 899 0014 0A7D     		ldrb	r2, [r1, #20]	@ zero_extendqisi2
 900              	.LVL75:
  22:Core/MyLib/Src/sx126x.c ****     WriteBuffer(hspi, data, data_len);
 901              		.loc 1 22 5 view .LVU175
 902 0016 498A     		ldrh	r1, [r1, #18]
 903              	.LVL76:
  22:Core/MyLib/Src/sx126x.c ****     WriteBuffer(hspi, data, data_len);
 904              		.loc 1 22 5 view .LVU176
 905 0018 FFF7FEFF 		bl	SetPacketParams
 906              	.LVL77:
  23:Core/MyLib/Src/sx126x.c ****     SetTx(hspi, 1);
 907              		.loc 1 23 5 is_stmt 1 view .LVU177
 908 001c 2A46     		mov	r2, r5
 909 001e 3146     		mov	r1, r6
 910 0020 2046     		mov	r0, r4
 911 0022 FFF7FEFF 		bl	WriteBuffer
 912              	.LVL78:
  24:Core/MyLib/Src/sx126x.c ****     // while(!modem->IrqStatus){
 913              		.loc 1 24 5 view .LVU178
 914 0026 0121     		movs	r1, #1
 915 0028 2046     		mov	r0, r4
 916 002a FFF7FEFF 		bl	SetTx
 917              	.LVL79:
  29:Core/MyLib/Src/sx126x.c ****     getAnswer(hspi, OPCODE_GET_STATUS, ans, 1);
 918              		.loc 1 29 5 view .LVU179
  29:Core/MyLib/Src/sx126x.c ****     getAnswer(hspi, OPCODE_GET_STATUS, ans, 1);
 919              		.loc 1 29 13 is_stmt 0 view .LVU180
 920 002e 0023     		movs	r3, #0
 921 0030 8DF80C30 		strb	r3, [sp, #12]
  30:Core/MyLib/Src/sx126x.c **** }
 922              		.loc 1 30 5 is_stmt 1 view .LVU181
 923 0034 0123     		movs	r3, #1
 924 0036 03AA     		add	r2, sp, #12
 925 0038 C021     		movs	r1, #192
 926 003a 2046     		mov	r0, r4
 927 003c FFF7FEFF 		bl	getAnswer
 928              	.LVL80:
  31:Core/MyLib/Src/sx126x.c **** // –†–µ–∂–∏–º —Å–æ—Å—Ç–æ—è–Ω–∏—è –≥–æ—Ç–æ–≤–Ω–æ—Å—Ç–∏
 929              		.loc 1 31 1 is_stmt 0 view .LVU182
 930 0040 04B0     		add	sp, sp, #16
 931              	.LCFI39:
 932              		.cfi_def_cfa_offset 16
 933              		@ sp needed
 934 0042 70BD     		pop	{r4, r5, r6, pc}
  31:Core/MyLib/Src/sx126x.c **** // –†–µ–∂–∏–º —Å–æ—Å—Ç–æ—è–Ω–∏—è –≥–æ—Ç–æ–≤–Ω–æ—Å—Ç–∏
 935              		.loc 1 31 1 view .LVU183
 936              		.cfi_endproc
 937              	.LFE66:
 939              		.section	.text.ClearIrqStatus,"ax",%progbits
 940              		.align	1
 941              		.global	ClearIrqStatus
 942              		.syntax unified
ARM GAS  C:\Users\vladk\AppData\Local\Temp\ccITBGgi.s 			page 22


 943              		.thumb
 944              		.thumb_func
 945              		.fpu softvfp
 947              	ClearIrqStatus:
 948              	.LVL81:
 949              	.LFB79:
  97:Core/MyLib/Src/sx126x.c ****     uint8_t data[2] = {(param >> 8) & 0xFF, param & 0xFF};
 950              		.loc 1 97 61 is_stmt 1 view -0
 951              		.cfi_startproc
 952              		@ args = 0, pretend = 0, frame = 8
 953              		@ frame_needed = 0, uses_anonymous_args = 0
  97:Core/MyLib/Src/sx126x.c ****     uint8_t data[2] = {(param >> 8) & 0xFF, param & 0xFF};
 954              		.loc 1 97 61 is_stmt 0 view .LVU185
 955 0000 00B5     		push	{lr}
 956              	.LCFI40:
 957              		.cfi_def_cfa_offset 4
 958              		.cfi_offset 14, -4
 959 0002 83B0     		sub	sp, sp, #12
 960              	.LCFI41:
 961              		.cfi_def_cfa_offset 16
  98:Core/MyLib/Src/sx126x.c ****     sendOpcode(hspi, OPCODE_CLEAR_IRQ_STATUS, data, 2);
 962              		.loc 1 98 5 is_stmt 1 view .LVU186
  98:Core/MyLib/Src/sx126x.c ****     sendOpcode(hspi, OPCODE_CLEAR_IRQ_STATUS, data, 2);
 963              		.loc 1 98 13 is_stmt 0 view .LVU187
 964 0004 0B0A     		lsrs	r3, r1, #8
 965 0006 8DF80430 		strb	r3, [sp, #4]
 966 000a 8DF80510 		strb	r1, [sp, #5]
  99:Core/MyLib/Src/sx126x.c **** }
 967              		.loc 1 99 5 is_stmt 1 view .LVU188
 968 000e 0223     		movs	r3, #2
 969 0010 01AA     		add	r2, sp, #4
 970 0012 1946     		mov	r1, r3
 971              	.LVL82:
  99:Core/MyLib/Src/sx126x.c **** }
 972              		.loc 1 99 5 is_stmt 0 view .LVU189
 973 0014 FFF7FEFF 		bl	sendOpcode
 974              	.LVL83:
 100:Core/MyLib/Src/sx126x.c **** // –í–µ—Ä–Ω—É—Ç—å –æ—à–∏–±–∫—É —É—Å—Ç—Ä–æ–π—Å—Ç–≤–∞
 975              		.loc 1 100 1 view .LVU190
 976 0018 03B0     		add	sp, sp, #12
 977              	.LCFI42:
 978              		.cfi_def_cfa_offset 4
 979              		@ sp needed
 980 001a 5DF804FB 		ldr	pc, [sp], #4
 981              		.cfi_endproc
 982              	.LFE79:
 984              		.section	.text.SetDioIrqParams,"ax",%progbits
 985              		.align	1
 986              		.global	SetDioIrqParams
 987              		.syntax unified
 988              		.thumb
 989              		.thumb_func
 990              		.fpu softvfp
 992              	SetDioIrqParams:
 993              	.LVL84:
 994              	.LFB82:
 114:Core/MyLib/Src/sx126x.c ****     uint8_t data[8] = {irq_mask >> 8, irq_mask & 0xFF, dio1_mask >> 8, dio1_mask & 0xFF, dio2_mask 
ARM GAS  C:\Users\vladk\AppData\Local\Temp\ccITBGgi.s 			page 23


 995              		.loc 1 114 125 is_stmt 1 view -0
 996              		.cfi_startproc
 997              		@ args = 4, pretend = 0, frame = 8
 998              		@ frame_needed = 0, uses_anonymous_args = 0
 114:Core/MyLib/Src/sx126x.c ****     uint8_t data[8] = {irq_mask >> 8, irq_mask & 0xFF, dio1_mask >> 8, dio1_mask & 0xFF, dio2_mask 
 999              		.loc 1 114 125 is_stmt 0 view .LVU192
 1000 0000 00B5     		push	{lr}
 1001              	.LCFI43:
 1002              		.cfi_def_cfa_offset 4
 1003              		.cfi_offset 14, -4
 1004 0002 83B0     		sub	sp, sp, #12
 1005              	.LCFI44:
 1006              		.cfi_def_cfa_offset 16
 1007 0004 BDF810C0 		ldrh	ip, [sp, #16]
 115:Core/MyLib/Src/sx126x.c ****     sendOpcode(hspi, OPCODE_SET_DIO_IRQ_PARAMS, data, 8);
 1008              		.loc 1 115 5 is_stmt 1 view .LVU193
 115:Core/MyLib/Src/sx126x.c ****     sendOpcode(hspi, OPCODE_SET_DIO_IRQ_PARAMS, data, 8);
 1009              		.loc 1 115 13 is_stmt 0 view .LVU194
 1010 0008 4FEA112E 		lsr	lr, r1, #8
 1011 000c 8DF800E0 		strb	lr, [sp]
 1012 0010 8DF80110 		strb	r1, [sp, #1]
 1013 0014 110A     		lsrs	r1, r2, #8
 1014              	.LVL85:
 115:Core/MyLib/Src/sx126x.c ****     sendOpcode(hspi, OPCODE_SET_DIO_IRQ_PARAMS, data, 8);
 1015              		.loc 1 115 13 view .LVU195
 1016 0016 8DF80210 		strb	r1, [sp, #2]
 1017 001a 8DF80320 		strb	r2, [sp, #3]
 1018 001e 1A0A     		lsrs	r2, r3, #8
 1019              	.LVL86:
 115:Core/MyLib/Src/sx126x.c ****     sendOpcode(hspi, OPCODE_SET_DIO_IRQ_PARAMS, data, 8);
 1020              		.loc 1 115 13 view .LVU196
 1021 0020 8DF80420 		strb	r2, [sp, #4]
 1022 0024 8DF80530 		strb	r3, [sp, #5]
 1023 0028 4FEA1C23 		lsr	r3, ip, #8
 1024              	.LVL87:
 115:Core/MyLib/Src/sx126x.c ****     sendOpcode(hspi, OPCODE_SET_DIO_IRQ_PARAMS, data, 8);
 1025              		.loc 1 115 13 view .LVU197
 1026 002c 8DF80630 		strb	r3, [sp, #6]
 1027 0030 8DF807C0 		strb	ip, [sp, #7]
 116:Core/MyLib/Src/sx126x.c **** }
 1028              		.loc 1 116 5 is_stmt 1 view .LVU198
 1029 0034 0823     		movs	r3, #8
 1030 0036 6A46     		mov	r2, sp
 1031 0038 1946     		mov	r1, r3
 1032 003a FFF7FEFF 		bl	sendOpcode
 1033              	.LVL88:
 117:Core/MyLib/Src/sx126x.c **** // –ü–µ—Ä–µ–¥–∞—á–∞ –æ–ø–∫–æ–¥–∞ –∏ –¥–∞–Ω–Ω—ã—Ö
 1034              		.loc 1 117 1 is_stmt 0 view .LVU199
 1035 003e 03B0     		add	sp, sp, #12
 1036              	.LCFI45:
 1037              		.cfi_def_cfa_offset 4
 1038              		@ sp needed
 1039 0040 5DF804FB 		ldr	pc, [sp], #4
 117:Core/MyLib/Src/sx126x.c **** // –ü–µ—Ä–µ–¥–∞—á–∞ –æ–ø–∫–æ–¥–∞ –∏ –¥–∞–Ω–Ω—ã—Ö
 1040              		.loc 1 117 1 view .LVU200
 1041              		.cfi_endproc
 1042              	.LFE82:
ARM GAS  C:\Users\vladk\AppData\Local\Temp\ccITBGgi.s 			page 24


 1044              		.section	.rodata.sx126x_Init.str1.4,"aMS",%progbits,1
 1045              		.align	2
 1046              	.LC1:
 1047 0000 08890100 		.ascii	"\010\211\001\000"
 1048              		.section	.text.sx126x_Init,"ax",%progbits
 1049              		.align	1
 1050              		.global	sx126x_Init
 1051              		.syntax unified
 1052              		.thumb
 1053              		.thumb_func
 1054              		.fpu softvfp
 1056              	sx126x_Init:
 1057              	.LVL89:
 1058              	.LFB65:
   8:Core/MyLib/Src/sx126x.c ****     SetStandby(hspi, modem);
 1059              		.loc 1 8 61 is_stmt 1 view -0
 1060              		.cfi_startproc
 1061              		@ args = 0, pretend = 0, frame = 8
 1062              		@ frame_needed = 0, uses_anonymous_args = 0
   8:Core/MyLib/Src/sx126x.c ****     SetStandby(hspi, modem);
 1063              		.loc 1 8 61 is_stmt 0 view .LVU202
 1064 0000 30B5     		push	{r4, r5, lr}
 1065              	.LCFI46:
 1066              		.cfi_def_cfa_offset 12
 1067              		.cfi_offset 4, -12
 1068              		.cfi_offset 5, -8
 1069              		.cfi_offset 14, -4
 1070 0002 85B0     		sub	sp, sp, #20
 1071              	.LCFI47:
 1072              		.cfi_def_cfa_offset 32
 1073 0004 0446     		mov	r4, r0
 1074 0006 0D46     		mov	r5, r1
   9:Core/MyLib/Src/sx126x.c ****     SetPacketType(hspi, modem);
 1075              		.loc 1 9 5 is_stmt 1 view .LVU203
 1076 0008 FFF7FEFF 		bl	SetStandby
 1077              	.LVL90:
  10:Core/MyLib/Src/sx126x.c ****     SetRfFrequency(hspi, modem);
 1078              		.loc 1 10 5 view .LVU204
 1079 000c 2946     		mov	r1, r5
 1080 000e 2046     		mov	r0, r4
 1081 0010 FFF7FEFF 		bl	SetPacketType
 1082              	.LVL91:
  11:Core/MyLib/Src/sx126x.c ****     SetTxParams(hspi, modem);
 1083              		.loc 1 11 5 view .LVU205
 1084 0014 2946     		mov	r1, r5
 1085 0016 2046     		mov	r0, r4
 1086 0018 FFF7FEFF 		bl	SetRfFrequency
 1087              	.LVL92:
  12:Core/MyLib/Src/sx126x.c ****     SetModulationParams(hspi, modem);
 1088              		.loc 1 12 5 view .LVU206
 1089 001c 2946     		mov	r1, r5
 1090 001e 2046     		mov	r0, r4
 1091 0020 FFF7FEFF 		bl	SetTxParams
 1092              	.LVL93:
  13:Core/MyLib/Src/sx126x.c ****     GetDeviceErrors(hspi);
 1093              		.loc 1 13 5 view .LVU207
 1094 0024 2946     		mov	r1, r5
ARM GAS  C:\Users\vladk\AppData\Local\Temp\ccITBGgi.s 			page 25


 1095 0026 2046     		mov	r0, r4
 1096 0028 FFF7FEFF 		bl	SetModulationParams
 1097              	.LVL94:
  14:Core/MyLib/Src/sx126x.c ****     uint8_t extra_tx_params[3] = {0x08, 0x89, 0x01};
 1098              		.loc 1 14 5 view .LVU208
 1099 002c 2046     		mov	r0, r4
 1100 002e FFF7FEFF 		bl	GetDeviceErrors
 1101              	.LVL95:
  15:Core/MyLib/Src/sx126x.c ****     SetDioIrqParams(hspi, 0x3F, 1 << 1, 0, 0);
 1102              		.loc 1 15 5 view .LVU209
  15:Core/MyLib/Src/sx126x.c ****     SetDioIrqParams(hspi, 0x3F, 1 << 1, 0, 0);
 1103              		.loc 1 15 13 is_stmt 0 view .LVU210
 1104 0032 0E4B     		ldr	r3, .L49
 1105 0034 1B68     		ldr	r3, [r3]
 1106 0036 ADF80C30 		strh	r3, [sp, #12]	@ movhi
 1107 003a 1B0C     		lsrs	r3, r3, #16
 1108 003c 8DF80E30 		strb	r3, [sp, #14]
  16:Core/MyLib/Src/sx126x.c ****     WriteReg(hspi, extra_tx_params, 3);
 1109              		.loc 1 16 5 is_stmt 1 view .LVU211
 1110 0040 0023     		movs	r3, #0
 1111 0042 0093     		str	r3, [sp]
 1112 0044 0222     		movs	r2, #2
 1113 0046 3F21     		movs	r1, #63
 1114 0048 2046     		mov	r0, r4
 1115 004a FFF7FEFF 		bl	SetDioIrqParams
 1116              	.LVL96:
  17:Core/MyLib/Src/sx126x.c ****     SetSyncWord(hspi, modem);
 1117              		.loc 1 17 5 view .LVU212
 1118 004e 0322     		movs	r2, #3
 1119 0050 03A9     		add	r1, sp, #12
 1120 0052 2046     		mov	r0, r4
 1121 0054 FFF7FEFF 		bl	WriteReg
 1122              	.LVL97:
  18:Core/MyLib/Src/sx126x.c ****     SetBufferBaseAddress(hspi, modem);
 1123              		.loc 1 18 5 view .LVU213
 1124 0058 2946     		mov	r1, r5
 1125 005a 2046     		mov	r0, r4
 1126 005c FFF7FEFF 		bl	SetSyncWord
 1127              	.LVL98:
  19:Core/MyLib/Src/sx126x.c **** }
 1128              		.loc 1 19 5 view .LVU214
 1129 0060 2946     		mov	r1, r5
 1130 0062 2046     		mov	r0, r4
 1131 0064 FFF7FEFF 		bl	SetBufferBaseAddress
 1132              	.LVL99:
  20:Core/MyLib/Src/sx126x.c **** void sx126x_SendData(SPI_HandleTypeDef* hspi, sx126x_cfg* modem, uint8_t* data, uint16_t data_len){
 1133              		.loc 1 20 1 is_stmt 0 view .LVU215
 1134 0068 05B0     		add	sp, sp, #20
 1135              	.LCFI48:
 1136              		.cfi_def_cfa_offset 12
 1137              		@ sp needed
 1138 006a 30BD     		pop	{r4, r5, pc}
 1139              	.LVL100:
 1140              	.L50:
  20:Core/MyLib/Src/sx126x.c **** void sx126x_SendData(SPI_HandleTypeDef* hspi, sx126x_cfg* modem, uint8_t* data, uint16_t data_len){
 1141              		.loc 1 20 1 view .LVU216
 1142              		.align	2
ARM GAS  C:\Users\vladk\AppData\Local\Temp\ccITBGgi.s 			page 26


 1143              	.L49:
 1144 006c 00000000 		.word	.LC1
 1145              		.cfi_endproc
 1146              	.LFE65:
 1148              		.section	.text.spiRead,"ax",%progbits
 1149              		.align	1
 1150              		.global	spiRead
 1151              		.syntax unified
 1152              		.thumb
 1153              		.thumb_func
 1154              		.fpu softvfp
 1156              	spiRead:
 1157              	.LVL101:
 1158              	.LFB84:
 124:Core/MyLib/Src/sx126x.c **** /// ???????????????????????????????
 125:Core/MyLib/Src/sx126x.c **** void spiRead(SPI_HandleTypeDef* hspi, uint8_t regAddr, uint8_t* pData){
 1159              		.loc 1 125 71 is_stmt 1 view -0
 1160              		.cfi_startproc
 1161              		@ args = 0, pretend = 0, frame = 8
 1162              		@ frame_needed = 0, uses_anonymous_args = 0
 1163              		.loc 1 125 71 is_stmt 0 view .LVU218
 1164 0000 00B5     		push	{lr}
 1165              	.LCFI49:
 1166              		.cfi_def_cfa_offset 4
 1167              		.cfi_offset 14, -4
 1168 0002 83B0     		sub	sp, sp, #12
 1169              	.LCFI50:
 1170              		.cfi_def_cfa_offset 16
 1171 0004 0B46     		mov	r3, r1
 1172 0006 1146     		mov	r1, r2
 1173              	.LVL102:
 126:Core/MyLib/Src/sx126x.c **** 	HAL_StatusTypeDef ret;
 1174              		.loc 1 126 2 is_stmt 1 view .LVU219
 127:Core/MyLib/Src/sx126x.c **** 	uint8_t address = regAddr | 0x80;
 1175              		.loc 1 127 2 view .LVU220
 1176              		.loc 1 127 10 is_stmt 0 view .LVU221
 1177 0008 43F08003 		orr	r3, r3, #128
 1178              	.LVL103:
 128:Core/MyLib/Src/sx126x.c **** 	uint8_t senddata[2] = {address, 0};
 1179              		.loc 1 128 2 is_stmt 1 view .LVU222
 1180              		.loc 1 128 10 is_stmt 0 view .LVU223
 1181 000c 8DF80430 		strb	r3, [sp, #4]
 1182 0010 0023     		movs	r3, #0
 1183              	.LVL104:
 1184              		.loc 1 128 10 view .LVU224
 1185 0012 8DF80530 		strb	r3, [sp, #5]
 129:Core/MyLib/Src/sx126x.c **** 	uint8_t receivedata[2] = {0};
 1186              		.loc 1 129 2 is_stmt 1 view .LVU225
 1187              		.loc 1 129 10 is_stmt 0 view .LVU226
 1188 0016 ADF80030 		strh	r3, [sp]	@ movhi
 130:Core/MyLib/Src/sx126x.c **** 
 131:Core/MyLib/Src/sx126x.c **** 	ret = HAL_SPI_Receive(hspi, pData, 2, 20);
 1189              		.loc 1 131 2 is_stmt 1 view .LVU227
 1190              		.loc 1 131 8 is_stmt 0 view .LVU228
 1191 001a 1423     		movs	r3, #20
 1192 001c 0222     		movs	r2, #2
 1193              	.LVL105:
ARM GAS  C:\Users\vladk\AppData\Local\Temp\ccITBGgi.s 			page 27


 1194              		.loc 1 131 8 view .LVU229
 1195 001e FFF7FEFF 		bl	HAL_SPI_Receive
 1196              	.LVL106:
 132:Core/MyLib/Src/sx126x.c **** 	if(ret != HAL_OK){
 1197              		.loc 1 132 2 is_stmt 1 view .LVU230
 133:Core/MyLib/Src/sx126x.c **** 		return ret;
 134:Core/MyLib/Src/sx126x.c **** 	}
 135:Core/MyLib/Src/sx126x.c **** 	return ret;
 136:Core/MyLib/Src/sx126x.c **** }
 1198              		.loc 1 136 1 is_stmt 0 view .LVU231
 1199 0022 03B0     		add	sp, sp, #12
 1200              	.LCFI51:
 1201              		.cfi_def_cfa_offset 4
 1202              		@ sp needed
 1203 0024 5DF804FB 		ldr	pc, [sp], #4
 1204              		.loc 1 136 1 view .LVU232
 1205              		.cfi_endproc
 1206              	.LFE84:
 1208              		.section	.rodata
 1209              		.align	2
 1210              		.set	.LANCHOR0,. + 0
 1211              	.LC0:
 1212 0000 0000     		.ascii	"\000\000"
 1213 0002 00       		.space	1
 1214              		.text
 1215              	.Letext0:
 1216              		.file 2 "d:\\vscode\\arm_none_eabi\\10_2020-q4-major\\arm-none-eabi\\include\\machine\\_default_ty
 1217              		.file 3 "d:\\vscode\\arm_none_eabi\\10_2020-q4-major\\arm-none-eabi\\include\\sys\\_stdint.h"
 1218              		.file 4 "Drivers/CMSIS/Device/ST/STM32F1xx/Include/stm32f103x6.h"
 1219              		.file 5 "Drivers/STM32F1xx_HAL_Driver/Inc/stm32f1xx_hal_def.h"
 1220              		.file 6 "Drivers/STM32F1xx_HAL_Driver/Inc/stm32f1xx_hal_dma.h"
 1221              		.file 7 "Drivers/STM32F1xx_HAL_Driver/Inc/stm32f1xx_hal_spi.h"
 1222              		.file 8 "Core/MyLib/Inc/sx126x.h"
ARM GAS  C:\Users\vladk\AppData\Local\Temp\ccITBGgi.s 			page 28


DEFINED SYMBOLS
                            *ABS*:00000000 sx126x.c
C:\Users\vladk\AppData\Local\Temp\ccITBGgi.s:16     .text.getAnswer:00000000 $t
C:\Users\vladk\AppData\Local\Temp\ccITBGgi.s:24     .text.getAnswer:00000000 getAnswer
C:\Users\vladk\AppData\Local\Temp\ccITBGgi.s:79     .text.GetIrqStatus:00000000 $t
C:\Users\vladk\AppData\Local\Temp\ccITBGgi.s:86     .text.GetIrqStatus:00000000 GetIrqStatus
C:\Users\vladk\AppData\Local\Temp\ccITBGgi.s:176    .text.GetIrqStatus:00000050 $d
C:\Users\vladk\AppData\Local\Temp\ccITBGgi.s:181    .text.GetDeviceErrors:00000000 $t
C:\Users\vladk\AppData\Local\Temp\ccITBGgi.s:188    .text.GetDeviceErrors:00000000 GetDeviceErrors
C:\Users\vladk\AppData\Local\Temp\ccITBGgi.s:231    .text.GetDeviceErrors:00000030 $d
C:\Users\vladk\AppData\Local\Temp\ccITBGgi.s:236    .text.sendOpcode:00000000 $t
C:\Users\vladk\AppData\Local\Temp\ccITBGgi.s:243    .text.sendOpcode:00000000 sendOpcode
C:\Users\vladk\AppData\Local\Temp\ccITBGgi.s:297    .text.SetStandby:00000000 $t
C:\Users\vladk\AppData\Local\Temp\ccITBGgi.s:304    .text.SetStandby:00000000 SetStandby
C:\Users\vladk\AppData\Local\Temp\ccITBGgi.s:331    .text.SetPacketType:00000000 $t
C:\Users\vladk\AppData\Local\Temp\ccITBGgi.s:338    .text.SetPacketType:00000000 SetPacketType
C:\Users\vladk\AppData\Local\Temp\ccITBGgi.s:368    .text.SetRfFrequency:00000000 $t
C:\Users\vladk\AppData\Local\Temp\ccITBGgi.s:375    .text.SetRfFrequency:00000000 SetRfFrequency
C:\Users\vladk\AppData\Local\Temp\ccITBGgi.s:446    .text.SetRfFrequency:00000048 $d
C:\Users\vladk\AppData\Local\Temp\ccITBGgi.s:452    .text.SetTxParams:00000000 $t
C:\Users\vladk\AppData\Local\Temp\ccITBGgi.s:459    .text.SetTxParams:00000000 SetTxParams
C:\Users\vladk\AppData\Local\Temp\ccITBGgi.s:501    .text.SetBufferBaseAddress:00000000 $t
C:\Users\vladk\AppData\Local\Temp\ccITBGgi.s:508    .text.SetBufferBaseAddress:00000000 SetBufferBaseAddress
C:\Users\vladk\AppData\Local\Temp\ccITBGgi.s:550    .text.SetModulationParams:00000000 $t
C:\Users\vladk\AppData\Local\Temp\ccITBGgi.s:557    .text.SetModulationParams:00000000 SetModulationParams
C:\Users\vladk\AppData\Local\Temp\ccITBGgi.s:607    .text.WriteReg:00000000 $t
C:\Users\vladk\AppData\Local\Temp\ccITBGgi.s:614    .text.WriteReg:00000000 WriteReg
C:\Users\vladk\AppData\Local\Temp\ccITBGgi.s:643    .text.SetSyncWord:00000000 $t
C:\Users\vladk\AppData\Local\Temp\ccITBGgi.s:650    .text.SetSyncWord:00000000 SetSyncWord
C:\Users\vladk\AppData\Local\Temp\ccITBGgi.s:694    .text.SetPacketParams:00000000 $t
C:\Users\vladk\AppData\Local\Temp\ccITBGgi.s:701    .text.SetPacketParams:00000000 SetPacketParams
C:\Users\vladk\AppData\Local\Temp\ccITBGgi.s:751    .text.WriteBuffer:00000000 $t
C:\Users\vladk\AppData\Local\Temp\ccITBGgi.s:758    .text.WriteBuffer:00000000 WriteBuffer
C:\Users\vladk\AppData\Local\Temp\ccITBGgi.s:789    .text.SetTx:00000000 $t
C:\Users\vladk\AppData\Local\Temp\ccITBGgi.s:796    .text.SetTx:00000000 SetTx
C:\Users\vladk\AppData\Local\Temp\ccITBGgi.s:858    .text.SetTx:00000038 $d
C:\Users\vladk\AppData\Local\Temp\ccITBGgi.s:863    .text.sx126x_SendData:00000000 $t
C:\Users\vladk\AppData\Local\Temp\ccITBGgi.s:870    .text.sx126x_SendData:00000000 sx126x_SendData
C:\Users\vladk\AppData\Local\Temp\ccITBGgi.s:940    .text.ClearIrqStatus:00000000 $t
C:\Users\vladk\AppData\Local\Temp\ccITBGgi.s:947    .text.ClearIrqStatus:00000000 ClearIrqStatus
C:\Users\vladk\AppData\Local\Temp\ccITBGgi.s:985    .text.SetDioIrqParams:00000000 $t
C:\Users\vladk\AppData\Local\Temp\ccITBGgi.s:992    .text.SetDioIrqParams:00000000 SetDioIrqParams
C:\Users\vladk\AppData\Local\Temp\ccITBGgi.s:1045   .rodata.sx126x_Init.str1.4:00000000 $d
C:\Users\vladk\AppData\Local\Temp\ccITBGgi.s:1049   .text.sx126x_Init:00000000 $t
C:\Users\vladk\AppData\Local\Temp\ccITBGgi.s:1056   .text.sx126x_Init:00000000 sx126x_Init
C:\Users\vladk\AppData\Local\Temp\ccITBGgi.s:1144   .text.sx126x_Init:0000006c $d
C:\Users\vladk\AppData\Local\Temp\ccITBGgi.s:1149   .text.spiRead:00000000 $t
C:\Users\vladk\AppData\Local\Temp\ccITBGgi.s:1156   .text.spiRead:00000000 spiRead
C:\Users\vladk\AppData\Local\Temp\ccITBGgi.s:1209   .rodata:00000000 $d

UNDEFINED SYMBOLS
HAL_SPI_Transmit
HAL_SPI_Receive
__aeabi_ui2d
__aeabi_ddiv
__aeabi_d2uiz
__aeabi_i2d
ARM GAS  C:\Users\vladk\AppData\Local\Temp\ccITBGgi.s 			page 29


__aeabi_dmul
